{"/home/usuario/ull-esit-inf-dsi-20-21-prct06-generics-solid-alu0101235516/src/ejercicio-1/pokemon.ts":{"path":"/home/usuario/ull-esit-inf-dsi-20-21-prct06-generics-solid-alu0101235516/src/ejercicio-1/pokemon.ts","statementMap":{"0":{"start":{"line":2,"column":0},"end":{"line":2,"column":62}},"1":{"start":{"line":3,"column":0},"end":{"line":3,"column":25}},"2":{"start":{"line":4,"column":18},"end":{"line":4,"column":38}},"3":{"start":{"line":7,"column":8},"end":{"line":7,"column":51}},"4":{"start":{"line":8,"column":8},"end":{"line":8,"column":31}},"5":{"start":{"line":9,"column":8},"end":{"line":9,"column":36}},"6":{"start":{"line":12,"column":8},"end":{"line":12,"column":28}},"7":{"start":{"line":15,"column":8},"end":{"line":15,"column":31}},"8":{"start":{"line":18,"column":8},"end":{"line":18,"column":31}},"9":{"start":{"line":21,"column":0},"end":{"line":21,"column":26}}},"fnMap":{"0":{"name":"(anonymous_0)","decl":{"start":{"line":6,"column":4},"end":{"line":6,"column":5}},"loc":{"start":{"line":6,"column":62},"end":{"line":10,"column":5}},"line":6},"1":{"name":"(anonymous_1)","decl":{"start":{"line":11,"column":4},"end":{"line":11,"column":5}},"loc":{"start":{"line":11,"column":17},"end":{"line":13,"column":5}},"line":11},"2":{"name":"(anonymous_2)","decl":{"start":{"line":14,"column":4},"end":{"line":14,"column":5}},"loc":{"start":{"line":14,"column":24},"end":{"line":16,"column":5}},"line":14},"3":{"name":"(anonymous_3)","decl":{"start":{"line":17,"column":4},"end":{"line":17,"column":5}},"loc":{"start":{"line":17,"column":18},"end":{"line":19,"column":5}},"line":17}},"branchMap":{},"s":{"0":1,"1":1,"2":1,"3":2,"4":2,"5":2,"6":9,"7":0,"8":12,"9":1},"f":{"0":2,"1":9,"2":0,"3":12},"b":{},"inputSourceMap":{"version":3,"file":"/home/usuario/ull-esit-inf-dsi-20-21-prct06-generics-solid-alu0101235516/src/ejercicio-1/pokemon.ts","sources":["/home/usuario/ull-esit-inf-dsi-20-21-prct06-generics-solid-alu0101235516/src/ejercicio-1/pokemon.ts"],"names":[],"mappings":";;;AAAA,uCAAkC;AAIlC,MAAa,OAAQ,SAAQ,iBAAO;IAGlC,YAAY,IAAY,EAAE,MAAc,EAAE,MAAc,EAAE,MAAc,EAAE,KAAuC,EAC7F,OAAgB;QAClC,KAAK,CAAC,IAAI,EAAE,MAAM,EAAE,MAAM,EAAE,MAAM,EAAE,KAAK,CAAC,CAAC;QADzB,YAAO,GAAP,OAAO,CAAS;QAH5B,eAAU,GAAW,SAAS,CAAC;IAKvC,CAAC;IAEM,UAAU;QACf,OAAO,IAAI,CAAC,OAAO,CAAC;IACtB,CAAC;IACM,UAAU,CAAC,OAAgB;QAChC,IAAI,CAAC,OAAO,GAAG,OAAO,CAAC;IACzB,CAAC;IAEM,WAAW;QAChB,OAAO,IAAI,CAAC,UAAU,CAAC;IACzB,CAAC;CACF;AAlBD,0BAkBC","sourcesContent":["import {Fighter} from './fighter';\n\ntype poktype = 'hierba' | 'electrico' | 'fuego' | 'agua';\n\nexport class Pokemon extends Fighter {\n  private universePH: string = \"Pokemon\";\n\n  constructor(name: string, weight: number, height: number, phrase: string, stats: [number, number, number, number],\n              private PokType: poktype) {\n    super(name, weight, height, phrase, stats);\n  }\n\n  public getPokType() {\n    return this.PokType;\n  }\n  public setPokType(PokType: poktype) {\n    this.PokType = PokType;\n  }\n\n  public getUniverse(): string {\n    return this.universePH;\n  }\n}\n"]},"_coverageSchema":"1a1c01bbd47fc00a2c39e90264f33305004495a9","hash":"7701faa20623d4ad349a775f54d4876259337dbe","contentHash":"33262290c71326337bdc944320271e0d63448b90b000d7dbffb3f58b8f17e5b6"},"/home/usuario/ull-esit-inf-dsi-20-21-prct06-generics-solid-alu0101235516/src/ejercicio-1/fighter.ts":{"path":"/home/usuario/ull-esit-inf-dsi-20-21-prct06-generics-solid-alu0101235516/src/ejercicio-1/fighter.ts","statementMap":{"0":{"start":{"line":2,"column":0},"end":{"line":2,"column":62}},"1":{"start":{"line":3,"column":0},"end":{"line":3,"column":25}},"2":{"start":{"line":6,"column":8},"end":{"line":6,"column":25}},"3":{"start":{"line":7,"column":8},"end":{"line":7,"column":29}},"4":{"start":{"line":8,"column":8},"end":{"line":8,"column":29}},"5":{"start":{"line":9,"column":8},"end":{"line":9,"column":29}},"6":{"start":{"line":10,"column":8},"end":{"line":15,"column":10}},"7":{"start":{"line":16,"column":8},"end":{"line":16,"column":33}},"8":{"start":{"line":17,"column":8},"end":{"line":17,"column":33}},"9":{"start":{"line":18,"column":8},"end":{"line":18,"column":33}},"10":{"start":{"line":19,"column":8},"end":{"line":19,"column":33}},"11":{"start":{"line":22,"column":8},"end":{"line":22,"column":25}},"12":{"start":{"line":25,"column":8},"end":{"line":25,"column":25}},"13":{"start":{"line":28,"column":8},"end":{"line":28,"column":27}},"14":{"start":{"line":31,"column":8},"end":{"line":31,"column":29}},"15":{"start":{"line":34,"column":8},"end":{"line":34,"column":27}},"16":{"start":{"line":37,"column":8},"end":{"line":37,"column":29}},"17":{"start":{"line":40,"column":8},"end":{"line":40,"column":27}},"18":{"start":{"line":43,"column":8},"end":{"line":43,"column":29}},"19":{"start":{"line":46,"column":8},"end":{"line":46,"column":29}},"20":{"start":{"line":49,"column":8},"end":{"line":49,"column":27}},"21":{"start":{"line":52,"column":8},"end":{"line":52,"column":29}},"22":{"start":{"line":55,"column":8},"end":{"line":55,"column":27}},"23":{"start":{"line":58,"column":8},"end":{"line":58,"column":29}},"24":{"start":{"line":61,"column":8},"end":{"line":61,"column":27}},"25":{"start":{"line":64,"column":8},"end":{"line":64,"column":29}},"26":{"start":{"line":67,"column":8},"end":{"line":67,"column":27}},"27":{"start":{"line":70,"column":0},"end":{"line":70,"column":26}}},"fnMap":{"0":{"name":"(anonymous_0)","decl":{"start":{"line":5,"column":4},"end":{"line":5,"column":5}},"loc":{"start":{"line":5,"column":53},"end":{"line":20,"column":5}},"line":5},"1":{"name":"(anonymous_1)","decl":{"start":{"line":21,"column":4},"end":{"line":21,"column":5}},"loc":{"start":{"line":21,"column":14},"end":{"line":23,"column":5}},"line":21},"2":{"name":"(anonymous_2)","decl":{"start":{"line":24,"column":4},"end":{"line":24,"column":5}},"loc":{"start":{"line":24,"column":18},"end":{"line":26,"column":5}},"line":24},"3":{"name":"(anonymous_3)","decl":{"start":{"line":27,"column":4},"end":{"line":27,"column":5}},"loc":{"start":{"line":27,"column":16},"end":{"line":29,"column":5}},"line":27},"4":{"name":"(anonymous_4)","decl":{"start":{"line":30,"column":4},"end":{"line":30,"column":5}},"loc":{"start":{"line":30,"column":22},"end":{"line":32,"column":5}},"line":30},"5":{"name":"(anonymous_5)","decl":{"start":{"line":33,"column":4},"end":{"line":33,"column":5}},"loc":{"start":{"line":33,"column":16},"end":{"line":35,"column":5}},"line":33},"6":{"name":"(anonymous_6)","decl":{"start":{"line":36,"column":4},"end":{"line":36,"column":5}},"loc":{"start":{"line":36,"column":22},"end":{"line":38,"column":5}},"line":36},"7":{"name":"(anonymous_7)","decl":{"start":{"line":39,"column":4},"end":{"line":39,"column":5}},"loc":{"start":{"line":39,"column":16},"end":{"line":41,"column":5}},"line":39},"8":{"name":"(anonymous_8)","decl":{"start":{"line":42,"column":4},"end":{"line":42,"column":5}},"loc":{"start":{"line":42,"column":22},"end":{"line":44,"column":5}},"line":42},"9":{"name":"(anonymous_9)","decl":{"start":{"line":45,"column":4},"end":{"line":45,"column":5}},"loc":{"start":{"line":45,"column":12},"end":{"line":47,"column":5}},"line":45},"10":{"name":"(anonymous_10)","decl":{"start":{"line":48,"column":4},"end":{"line":48,"column":5}},"loc":{"start":{"line":48,"column":14},"end":{"line":50,"column":5}},"line":48},"11":{"name":"(anonymous_11)","decl":{"start":{"line":51,"column":4},"end":{"line":51,"column":5}},"loc":{"start":{"line":51,"column":12},"end":{"line":53,"column":5}},"line":51},"12":{"name":"(anonymous_12)","decl":{"start":{"line":54,"column":4},"end":{"line":54,"column":5}},"loc":{"start":{"line":54,"column":14},"end":{"line":56,"column":5}},"line":54},"13":{"name":"(anonymous_13)","decl":{"start":{"line":57,"column":4},"end":{"line":57,"column":5}},"loc":{"start":{"line":57,"column":12},"end":{"line":59,"column":5}},"line":57},"14":{"name":"(anonymous_14)","decl":{"start":{"line":60,"column":4},"end":{"line":60,"column":5}},"loc":{"start":{"line":60,"column":14},"end":{"line":62,"column":5}},"line":60},"15":{"name":"(anonymous_15)","decl":{"start":{"line":63,"column":4},"end":{"line":63,"column":5}},"loc":{"start":{"line":63,"column":12},"end":{"line":65,"column":5}},"line":63},"16":{"name":"(anonymous_16)","decl":{"start":{"line":66,"column":4},"end":{"line":66,"column":5}},"loc":{"start":{"line":66,"column":14},"end":{"line":68,"column":5}},"line":66}},"branchMap":{},"s":{"0":1,"1":1,"2":6,"3":6,"4":6,"5":6,"6":6,"7":6,"8":6,"9":6,"10":6,"11":13,"12":0,"13":1,"14":0,"15":1,"16":0,"17":5,"18":0,"19":6,"20":0,"21":6,"22":0,"23":1,"24":0,"25":19,"26":4,"27":1},"f":{"0":6,"1":13,"2":0,"3":1,"4":0,"5":1,"6":0,"7":5,"8":0,"9":6,"10":0,"11":6,"12":0,"13":1,"14":0,"15":19,"16":4},"b":{},"inputSourceMap":{"version":3,"file":"/home/usuario/ull-esit-inf-dsi-20-21-prct06-generics-solid-alu0101235516/src/ejercicio-1/fighter.ts","sources":["/home/usuario/ull-esit-inf-dsi-20-21-prct06-generics-solid-alu0101235516/src/ejercicio-1/fighter.ts"],"names":[],"mappings":";;;AACA,MAAsB,OAAO;IAQ3B,YAAsB,IAAY,EACZ,MAAc,EACd,MAAc,EACd,MAAc,EACxB,KAAuC;QAJ7B,SAAI,GAAJ,IAAI,CAAQ;QACZ,WAAM,GAAN,MAAM,CAAQ;QACd,WAAM,GAAN,MAAM,CAAQ;QACd,WAAM,GAAN,MAAM,CAAQ;QAV1B,UAAK,GAAG;YAChB,EAAE,EAAE,CAAC;YACL,EAAE,EAAE,CAAC;YACL,EAAE,EAAE,CAAC;YACL,EAAE,EAAE,CAAC;SACN,CAAA;QAOC,IAAI,CAAC,KAAK,CAAC,EAAE,GAAG,KAAK,CAAC,CAAC,CAAC,CAAC;QACzB,IAAI,CAAC,KAAK,CAAC,EAAE,GAAG,KAAK,CAAC,CAAC,CAAC,CAAC;QACzB,IAAI,CAAC,KAAK,CAAC,EAAE,GAAG,KAAK,CAAC,CAAC,CAAC,CAAC;QACzB,IAAI,CAAC,KAAK,CAAC,EAAE,GAAG,KAAK,CAAC,CAAC,CAAC,CAAC;IAC3B,CAAC;IAEM,OAAO;QACZ,OAAO,IAAI,CAAC,IAAI,CAAC;IACnB,CAAC;IACM,OAAO,CAAC,IAAY;QACzB,IAAI,CAAC,IAAI,GAAG,IAAI,CAAC;IACnB,CAAC;IAEM,SAAS;QACd,OAAO,IAAI,CAAC,MAAM,CAAC;IACrB,CAAC;IACM,SAAS,CAAC,MAAc;QAC7B,IAAI,CAAC,MAAM,GAAG,MAAM,CAAC;IACvB,CAAC;IAEM,SAAS;QACd,OAAO,IAAI,CAAC,MAAM,CAAC;IACrB,CAAC;IACM,SAAS,CAAC,MAAc;QAC7B,IAAI,CAAC,MAAM,GAAG,MAAM,CAAC;IACvB,CAAC;IAEM,SAAS;QACd,OAAO,IAAI,CAAC,MAAM,CAAC;IACrB,CAAC;IACM,SAAS,CAAC,MAAc;QAC7B,IAAI,CAAC,MAAM,GAAG,MAAM,CAAC;IACvB,CAAC;IAEM,KAAK;QACV,OAAO,IAAI,CAAC,KAAK,CAAC,EAAE,CAAC;IACvB,CAAC;IACM,KAAK,CAAC,EAAU;QACrB,IAAI,CAAC,KAAK,CAAC,EAAE,GAAG,EAAE,CAAC;IACrB,CAAC;IAEM,KAAK;QACV,OAAO,IAAI,CAAC,KAAK,CAAC,EAAE,CAAC;IACvB,CAAC;IACM,KAAK,CAAC,EAAU;QACrB,IAAI,CAAC,KAAK,CAAC,EAAE,GAAG,EAAE,CAAC;IACrB,CAAC;IAEM,KAAK;QACV,OAAO,IAAI,CAAC,KAAK,CAAC,EAAE,CAAC;IACvB,CAAC;IACM,KAAK,CAAC,EAAU;QACrB,IAAI,CAAC,KAAK,CAAC,EAAE,GAAG,EAAE,CAAC;IACrB,CAAC;IAEM,KAAK;QACV,OAAO,IAAI,CAAC,KAAK,CAAC,EAAE,CAAC;IACvB,CAAC;IACM,KAAK,CAAC,EAAU;QACrB,IAAI,CAAC,KAAK,CAAC,EAAE,GAAG,EAAE,CAAC;IACrB,CAAC;CAGF;AA5ED,0BA4EC","sourcesContent":["\nexport abstract class Fighter {\n  protected stats = {\n    AT: 0,\n    DF: 0,\n    SP: 0,\n    HP: 0,\n  }\n\n  constructor(protected name: string,\n              protected weight: number,\n              protected height: number,\n              protected phrase: string,\n              stats: [number, number, number, number]) {\n    this.stats.AT = stats[0];\n    this.stats.DF = stats[1];\n    this.stats.SP = stats[2];\n    this.stats.HP = stats[3];\n  }\n\n  public getName() {\n    return this.name;\n  }\n  public setName(name: string) {\n    this.name = name;\n  }\n\n  public getWeight() {\n    return this.weight;\n  }\n  public setWeight(weight: number) {\n    this.weight = weight;\n  }\n\n  public getHeight() {\n    return this.height;\n  }\n  public setHeight(height: number) {\n    this.height = height;\n  }\n\n  public getPhrase() {\n    return this.phrase;\n  }\n  public setPhrase(phrase: string) {\n    this.phrase = phrase;\n  }\n\n  public getAT() {\n    return this.stats.AT;\n  }\n  public setAT(AT: number) {\n    this.stats.AT = AT;\n  }\n\n  public getDF() {\n    return this.stats.DF;\n  }\n  public setDF(DF: number) {\n    this.stats.DF = DF;\n  }\n\n  public getSP() {\n    return this.stats.SP;\n  }\n  public setSP(SP: number) {\n    this.stats.SP = SP;\n  }\n\n  public getHP() {\n    return this.stats.HP;\n  }\n  public setHP(HP: number) {\n    this.stats.HP = HP;\n  }\n\n  public abstract getUniverse(): string;\n}\n"]},"_coverageSchema":"1a1c01bbd47fc00a2c39e90264f33305004495a9","hash":"682c5dc7e05f13dc9bb200cf3fe86dc84cc0ef12","contentHash":"843b2cd9e3934dafb10a740cf5d78cb13229e61d7154eb08d8899f84c180ef10"},"/home/usuario/ull-esit-inf-dsi-20-21-prct06-generics-solid-alu0101235516/src/ejercicio-1/naruto.ts":{"path":"/home/usuario/ull-esit-inf-dsi-20-21-prct06-generics-solid-alu0101235516/src/ejercicio-1/naruto.ts","statementMap":{"0":{"start":{"line":2,"column":0},"end":{"line":2,"column":62}},"1":{"start":{"line":3,"column":0},"end":{"line":3,"column":24}},"2":{"start":{"line":4,"column":18},"end":{"line":4,"column":38}},"3":{"start":{"line":7,"column":8},"end":{"line":7,"column":51}},"4":{"start":{"line":8,"column":8},"end":{"line":8,"column":29}},"5":{"start":{"line":9,"column":8},"end":{"line":9,"column":29}},"6":{"start":{"line":10,"column":8},"end":{"line":10,"column":35}},"7":{"start":{"line":13,"column":8},"end":{"line":13,"column":27}},"8":{"start":{"line":16,"column":8},"end":{"line":16,"column":29}},"9":{"start":{"line":19,"column":8},"end":{"line":19,"column":27}},"10":{"start":{"line":22,"column":8},"end":{"line":22,"column":29}},"11":{"start":{"line":25,"column":8},"end":{"line":25,"column":31}},"12":{"start":{"line":28,"column":0},"end":{"line":28,"column":24}}},"fnMap":{"0":{"name":"(anonymous_0)","decl":{"start":{"line":6,"column":4},"end":{"line":6,"column":5}},"loc":{"start":{"line":6,"column":69},"end":{"line":11,"column":5}},"line":6},"1":{"name":"(anonymous_1)","decl":{"start":{"line":12,"column":4},"end":{"line":12,"column":5}},"loc":{"start":{"line":12,"column":16},"end":{"line":14,"column":5}},"line":12},"2":{"name":"(anonymous_2)","decl":{"start":{"line":15,"column":4},"end":{"line":15,"column":5}},"loc":{"start":{"line":15,"column":22},"end":{"line":17,"column":5}},"line":15},"3":{"name":"(anonymous_3)","decl":{"start":{"line":18,"column":4},"end":{"line":18,"column":5}},"loc":{"start":{"line":18,"column":16},"end":{"line":20,"column":5}},"line":18},"4":{"name":"(anonymous_4)","decl":{"start":{"line":21,"column":4},"end":{"line":21,"column":5}},"loc":{"start":{"line":21,"column":22},"end":{"line":23,"column":5}},"line":21},"5":{"name":"(anonymous_5)","decl":{"start":{"line":24,"column":4},"end":{"line":24,"column":5}},"loc":{"start":{"line":24,"column":18},"end":{"line":26,"column":5}},"line":24}},"branchMap":{},"s":{"0":1,"1":1,"2":1,"3":2,"4":2,"5":2,"6":2,"7":1,"8":0,"9":1,"10":0,"11":2,"12":1},"f":{"0":2,"1":1,"2":0,"3":1,"4":0,"5":2},"b":{},"inputSourceMap":{"version":3,"file":"/home/usuario/ull-esit-inf-dsi-20-21-prct06-generics-solid-alu0101235516/src/ejercicio-1/naruto.ts","sources":["/home/usuario/ull-esit-inf-dsi-20-21-prct06-generics-solid-alu0101235516/src/ejercicio-1/naruto.ts"],"names":[],"mappings":";;;AAAA,uCAAkC;AAKlC,MAAa,MAAO,SAAQ,iBAAO;IAGjC,YAAY,IAAY,EAAE,MAAc,EAAE,MAAc,EAAE,MAAc,EAAE,KAAuC,EAC7F,MAAkB,EAClB,MAAkB;QACpC,KAAK,CAAC,IAAI,EAAE,MAAM,EAAE,MAAM,EAAE,MAAM,EAAE,KAAK,CAAC,CAAC;QAFzB,WAAM,GAAN,MAAM,CAAY;QAClB,WAAM,GAAN,MAAM,CAAY;QAJ9B,eAAU,GAAW,QAAQ,CAAC;IAMtC,CAAC;IAEM,SAAS;QACd,OAAO,IAAI,CAAC,MAAM,CAAC;IACrB,CAAC;IACM,SAAS,CAAC,MAAkB;QACjC,IAAI,CAAC,MAAM,GAAG,MAAM,CAAC;IACvB,CAAC;IAEM,SAAS;QACd,OAAO,IAAI,CAAC,MAAM,CAAC;IACrB,CAAC;IACM,SAAS,CAAC,MAAiB;QAChC,IAAI,CAAC,MAAM,GAAG,MAAM,CAAC;IACvB,CAAC;IAEM,WAAW;QAChB,OAAO,IAAI,CAAC,UAAU,CAAC;IACzB,CAAC;CACF;AA1BD,wBA0BC","sourcesContent":["import {Fighter} from './fighter';\n\ntype chakraType = 'rayo' | 'viento' | 'fuego' | 'agua' | 'tierra' | 'madera';\ntype ocularTec = 'sharingan' | 'byakugan' | 'rinnegan' | 'tenseigan';\n\nexport class Naruto extends Fighter {\n  private universePH: string = \"Naruto\";\n\n  constructor(name: string, weight: number, height: number, phrase: string, stats: [number, number, number, number],\n              private chakra: chakraType,\n              private ocular?: ocularTec) {\n    super(name, weight, height, phrase, stats);\n  }\n\n  public getChakra() {\n    return this.chakra;\n  }\n  public setChakra(chakra: chakraType) {\n    this.chakra = chakra;\n  }\n\n  public getOcular() {\n    return this.ocular;\n  }\n  public setOcular(ocular: ocularTec) {\n    this.ocular = ocular;\n  }\n\n  public getUniverse(): string {\n    return this.universePH;\n  }\n}\n"]},"_coverageSchema":"1a1c01bbd47fc00a2c39e90264f33305004495a9","hash":"dc842aef3554814e820db0378a4212bc6af1f6c3","contentHash":"db7d692a8e7274e75a7a61a3dc15eedaa308cf3ef6fcc9faf1c850ad69a1ec52"},"/home/usuario/ull-esit-inf-dsi-20-21-prct06-generics-solid-alu0101235516/src/ejercicio-1/blizzard.ts":{"path":"/home/usuario/ull-esit-inf-dsi-20-21-prct06-generics-solid-alu0101235516/src/ejercicio-1/blizzard.ts","statementMap":{"0":{"start":{"line":2,"column":0},"end":{"line":2,"column":62}},"1":{"start":{"line":3,"column":0},"end":{"line":3,"column":26}},"2":{"start":{"line":4,"column":18},"end":{"line":4,"column":38}},"3":{"start":{"line":7,"column":8},"end":{"line":7,"column":51}},"4":{"start":{"line":8,"column":8},"end":{"line":8,"column":25}},"5":{"start":{"line":9,"column":8},"end":{"line":9,"column":27}},"6":{"start":{"line":10,"column":8},"end":{"line":10,"column":37}},"7":{"start":{"line":13,"column":8},"end":{"line":13,"column":25}},"8":{"start":{"line":16,"column":8},"end":{"line":16,"column":25}},"9":{"start":{"line":19,"column":8},"end":{"line":19,"column":26}},"10":{"start":{"line":22,"column":8},"end":{"line":22,"column":27}},"11":{"start":{"line":25,"column":8},"end":{"line":25,"column":31}},"12":{"start":{"line":28,"column":0},"end":{"line":28,"column":28}}},"fnMap":{"0":{"name":"(anonymous_0)","decl":{"start":{"line":6,"column":4},"end":{"line":6,"column":5}},"loc":{"start":{"line":6,"column":66},"end":{"line":11,"column":5}},"line":6},"1":{"name":"(anonymous_1)","decl":{"start":{"line":12,"column":4},"end":{"line":12,"column":5}},"loc":{"start":{"line":12,"column":14},"end":{"line":14,"column":5}},"line":12},"2":{"name":"(anonymous_2)","decl":{"start":{"line":15,"column":4},"end":{"line":15,"column":5}},"loc":{"start":{"line":15,"column":18},"end":{"line":17,"column":5}},"line":15},"3":{"name":"(anonymous_3)","decl":{"start":{"line":18,"column":4},"end":{"line":18,"column":5}},"loc":{"start":{"line":18,"column":15},"end":{"line":20,"column":5}},"line":18},"4":{"name":"(anonymous_4)","decl":{"start":{"line":21,"column":4},"end":{"line":21,"column":5}},"loc":{"start":{"line":21,"column":20},"end":{"line":23,"column":5}},"line":21},"5":{"name":"(anonymous_5)","decl":{"start":{"line":24,"column":4},"end":{"line":24,"column":5}},"loc":{"start":{"line":24,"column":18},"end":{"line":26,"column":5}},"line":24}},"branchMap":{},"s":{"0":1,"1":1,"2":1,"3":2,"4":2,"5":2,"6":2,"7":1,"8":0,"9":1,"10":0,"11":3,"12":1},"f":{"0":2,"1":1,"2":0,"3":1,"4":0,"5":3},"b":{},"inputSourceMap":{"version":3,"file":"/home/usuario/ull-esit-inf-dsi-20-21-prct06-generics-solid-alu0101235516/src/ejercicio-1/blizzard.ts","sources":["/home/usuario/ull-esit-inf-dsi-20-21-prct06-generics-solid-alu0101235516/src/ejercicio-1/blizzard.ts"],"names":[],"mappings":";;;AAAA,uCAAkC;AAKlC,MAAa,QAAS,SAAQ,iBAAO;IAGnC,YAAY,IAAY,EAAE,MAAc,EAAE,MAAc,EAAE,MAAc,EAAE,KAAuC,EAC7F,IAAgB,EAChB,KAAe;QACjC,KAAK,CAAC,IAAI,EAAE,MAAM,EAAE,MAAM,EAAE,MAAM,EAAE,KAAK,CAAC,CAAC;QAFzB,SAAI,GAAJ,IAAI,CAAY;QAChB,UAAK,GAAL,KAAK,CAAU;QAJ3B,eAAU,GAAW,UAAU,CAAC;IAMxC,CAAC;IAEM,OAAO;QACZ,OAAO,IAAI,CAAC,IAAI,CAAC;IACnB,CAAC;IACM,OAAO,CAAC,IAAgB;QAC7B,IAAI,CAAC,IAAI,GAAG,IAAI,CAAC;IACnB,CAAC;IAEM,QAAQ;QACb,OAAO,IAAI,CAAC,KAAK,CAAC;IACpB,CAAC;IACM,QAAQ,CAAC,KAAe;QAC7B,IAAI,CAAC,KAAK,GAAG,KAAK,CAAC;IACrB,CAAC;IAEM,WAAW;QAChB,OAAO,IAAI,CAAC,UAAU,CAAC;IACzB,CAAC;CACF;AA1BD,4BA0BC","sourcesContent":["import {Fighter} from './fighter';\n\ntype chakraType = 'mago' | 'brujo' | 'cazador' | 'druida';\ntype tipapoyo = 'alianza' | 'horda';\n\nexport class Blizzard extends Fighter {\n  private universePH: string = \"Blizzard\";\n\n  constructor(name: string, weight: number, height: number, phrase: string, stats: [number, number, number, number],\n              private raza: chakraType,\n              private apoyo: tipapoyo) {\n    super(name, weight, height, phrase, stats);\n  }\n\n  public getRaza() {\n    return this.raza;\n  }\n  public setRaza(raza: chakraType) {\n    this.raza = raza;\n  }\n\n  public getApoyo() {\n    return this.apoyo;\n  }\n  public setApoyo(apoyo: tipapoyo) {\n    this.apoyo = apoyo;\n  }\n\n  public getUniverse(): string {\n    return this.universePH;\n  }\n}\n"]},"_coverageSchema":"1a1c01bbd47fc00a2c39e90264f33305004495a9","hash":"a59d4b2dffb7b64260578c606315a8701856fb59","contentHash":"5f5e89e65a097ca986589835b0535e468e730c19dd71263cb58be6b027018db7"},"/home/usuario/ull-esit-inf-dsi-20-21-prct06-generics-solid-alu0101235516/src/ejercicio-1/combat.ts":{"path":"/home/usuario/ull-esit-inf-dsi-20-21-prct06-generics-solid-alu0101235516/src/ejercicio-1/combat.ts","statementMap":{"0":{"start":{"line":2,"column":0},"end":{"line":2,"column":62}},"1":{"start":{"line":3,"column":0},"end":{"line":3,"column":24}},"2":{"start":{"line":4,"column":17},"end":{"line":4,"column":36}},"3":{"start":{"line":5,"column":18},"end":{"line":5,"column":38}},"4":{"start":{"line":8,"column":8},"end":{"line":8,"column":33}},"5":{"start":{"line":9,"column":8},"end":{"line":9,"column":33}},"6":{"start":{"line":12,"column":8},"end":{"line":12,"column":29}},"7":{"start":{"line":15,"column":8},"end":{"line":15,"column":29}},"8":{"start":{"line":18,"column":8},"end":{"line":18,"column":95}},"9":{"start":{"line":21,"column":28},"end":{"line":21,"column":29}},"10":{"start":{"line":22,"column":28},"end":{"line":22,"column":29}},"11":{"start":{"line":23,"column":19},"end":{"line":23,"column":20}},"12":{"start":{"line":24,"column":22},"end":{"line":24,"column":23}},"13":{"start":{"line":25,"column":8},"end":{"line":226,"column":9}},"14":{"start":{"line":28,"column":20},"end":{"line":99,"column":21}},"15":{"start":{"line":29,"column":24},"end":{"line":29,"column":42}},"16":{"start":{"line":30,"column":24},"end":{"line":30,"column":44}},"17":{"start":{"line":32,"column":25},"end":{"line":99,"column":21}},"18":{"start":{"line":33,"column":24},"end":{"line":33,"column":44}},"19":{"start":{"line":34,"column":24},"end":{"line":34,"column":42}},"20":{"start":{"line":37,"column":24},"end":{"line":98,"column":25}},"21":{"start":{"line":38,"column":28},"end":{"line":97,"column":29}},"22":{"start":{"line":41,"column":40},"end":{"line":52,"column":41}},"23":{"start":{"line":42,"column":44},"end":{"line":42,"column":62}},"24":{"start":{"line":43,"column":44},"end":{"line":43,"column":64}},"25":{"start":{"line":45,"column":45},"end":{"line":52,"column":41}},"26":{"start":{"line":46,"column":44},"end":{"line":46,"column":64}},"27":{"start":{"line":47,"column":44},"end":{"line":47,"column":62}},"28":{"start":{"line":50,"column":44},"end":{"line":50,"column":62}},"29":{"start":{"line":51,"column":44},"end":{"line":51,"column":62}},"30":{"start":{"line":54,"column":36},"end":{"line":54,"column":42}},"31":{"start":{"line":57,"column":40},"end":{"line":64,"column":41}},"32":{"start":{"line":58,"column":44},"end":{"line":58,"column":62}},"33":{"start":{"line":59,"column":44},"end":{"line":59,"column":64}},"34":{"start":{"line":62,"column":44},"end":{"line":62,"column":64}},"35":{"start":{"line":63,"column":44},"end":{"line":63,"column":62}},"36":{"start":{"line":66,"column":36},"end":{"line":66,"column":42}},"37":{"start":{"line":69,"column":40},"end":{"line":80,"column":41}},"38":{"start":{"line":70,"column":44},"end":{"line":70,"column":62}},"39":{"start":{"line":71,"column":44},"end":{"line":71,"column":64}},"40":{"start":{"line":73,"column":45},"end":{"line":80,"column":41}},"41":{"start":{"line":74,"column":44},"end":{"line":74,"column":64}},"42":{"start":{"line":75,"column":44},"end":{"line":75,"column":62}},"43":{"start":{"line":78,"column":44},"end":{"line":78,"column":62}},"44":{"start":{"line":79,"column":44},"end":{"line":79,"column":62}},"45":{"start":{"line":82,"column":36},"end":{"line":82,"column":42}},"46":{"start":{"line":84,"column":36},"end":{"line":95,"column":37}},"47":{"start":{"line":85,"column":40},"end":{"line":85,"column":58}},"48":{"start":{"line":86,"column":40},"end":{"line":86,"column":60}},"49":{"start":{"line":88,"column":41},"end":{"line":95,"column":37}},"50":{"start":{"line":89,"column":40},"end":{"line":89,"column":60}},"51":{"start":{"line":90,"column":40},"end":{"line":90,"column":58}},"52":{"start":{"line":93,"column":40},"end":{"line":93,"column":58}},"53":{"start":{"line":94,"column":40},"end":{"line":94,"column":58}},"54":{"start":{"line":101,"column":16},"end":{"line":101,"column":22}},"55":{"start":{"line":104,"column":20},"end":{"line":207,"column":21}},"56":{"start":{"line":105,"column":24},"end":{"line":105,"column":42}},"57":{"start":{"line":106,"column":24},"end":{"line":106,"column":44}},"58":{"start":{"line":108,"column":25},"end":{"line":207,"column":21}},"59":{"start":{"line":109,"column":24},"end":{"line":109,"column":44}},"60":{"start":{"line":110,"column":24},"end":{"line":110,"column":42}},"61":{"start":{"line":113,"column":24},"end":{"line":206,"column":25}},"62":{"start":{"line":114,"column":28},"end":{"line":205,"column":29}},"63":{"start":{"line":117,"column":40},"end":{"line":128,"column":41}},"64":{"start":{"line":118,"column":44},"end":{"line":118,"column":62}},"65":{"start":{"line":119,"column":44},"end":{"line":119,"column":64}},"66":{"start":{"line":121,"column":45},"end":{"line":128,"column":41}},"67":{"start":{"line":122,"column":44},"end":{"line":122,"column":64}},"68":{"start":{"line":123,"column":44},"end":{"line":123,"column":62}},"69":{"start":{"line":126,"column":44},"end":{"line":126,"column":62}},"70":{"start":{"line":127,"column":44},"end":{"line":127,"column":62}},"71":{"start":{"line":130,"column":36},"end":{"line":130,"column":42}},"72":{"start":{"line":133,"column":40},"end":{"line":144,"column":41}},"73":{"start":{"line":134,"column":44},"end":{"line":134,"column":62}},"74":{"start":{"line":135,"column":44},"end":{"line":135,"column":64}},"75":{"start":{"line":137,"column":45},"end":{"line":144,"column":41}},"76":{"start":{"line":138,"column":44},"end":{"line":138,"column":64}},"77":{"start":{"line":139,"column":44},"end":{"line":139,"column":62}},"78":{"start":{"line":142,"column":44},"end":{"line":142,"column":62}},"79":{"start":{"line":143,"column":44},"end":{"line":143,"column":62}},"80":{"start":{"line":146,"column":36},"end":{"line":146,"column":42}},"81":{"start":{"line":149,"column":40},"end":{"line":160,"column":41}},"82":{"start":{"line":150,"column":44},"end":{"line":150,"column":62}},"83":{"start":{"line":151,"column":44},"end":{"line":151,"column":64}},"84":{"start":{"line":153,"column":45},"end":{"line":160,"column":41}},"85":{"start":{"line":154,"column":44},"end":{"line":154,"column":64}},"86":{"start":{"line":155,"column":44},"end":{"line":155,"column":62}},"87":{"start":{"line":158,"column":44},"end":{"line":158,"column":62}},"88":{"start":{"line":159,"column":44},"end":{"line":159,"column":62}},"89":{"start":{"line":162,"column":36},"end":{"line":162,"column":42}},"90":{"start":{"line":164,"column":36},"end":{"line":175,"column":37}},"91":{"start":{"line":165,"column":40},"end":{"line":165,"column":58}},"92":{"start":{"line":166,"column":40},"end":{"line":166,"column":60}},"93":{"start":{"line":168,"column":41},"end":{"line":175,"column":37}},"94":{"start":{"line":169,"column":40},"end":{"line":169,"column":60}},"95":{"start":{"line":170,"column":40},"end":{"line":170,"column":58}},"96":{"start":{"line":173,"column":40},"end":{"line":173,"column":58}},"97":{"start":{"line":174,"column":40},"end":{"line":174,"column":58}},"98":{"start":{"line":178,"column":36},"end":{"line":189,"column":37}},"99":{"start":{"line":179,"column":40},"end":{"line":179,"column":58}},"100":{"start":{"line":180,"column":40},"end":{"line":180,"column":60}},"101":{"start":{"line":182,"column":41},"end":{"line":189,"column":37}},"102":{"start":{"line":183,"column":40},"end":{"line":183,"column":60}},"103":{"start":{"line":184,"column":40},"end":{"line":184,"column":58}},"104":{"start":{"line":187,"column":40},"end":{"line":187,"column":58}},"105":{"start":{"line":188,"column":40},"end":{"line":188,"column":58}},"106":{"start":{"line":192,"column":36},"end":{"line":203,"column":37}},"107":{"start":{"line":193,"column":40},"end":{"line":193,"column":58}},"108":{"start":{"line":194,"column":40},"end":{"line":194,"column":60}},"109":{"start":{"line":196,"column":41},"end":{"line":203,"column":37}},"110":{"start":{"line":197,"column":40},"end":{"line":197,"column":60}},"111":{"start":{"line":198,"column":40},"end":{"line":198,"column":58}},"112":{"start":{"line":201,"column":40},"end":{"line":201,"column":58}},"113":{"start":{"line":202,"column":40},"end":{"line":202,"column":58}},"114":{"start":{"line":209,"column":16},"end":{"line":209,"column":22}},"115":{"start":{"line":212,"column":20},"end":{"line":223,"column":21}},"116":{"start":{"line":213,"column":24},"end":{"line":213,"column":42}},"117":{"start":{"line":214,"column":24},"end":{"line":214,"column":44}},"118":{"start":{"line":216,"column":25},"end":{"line":223,"column":21}},"119":{"start":{"line":217,"column":24},"end":{"line":217,"column":44}},"120":{"start":{"line":218,"column":24},"end":{"line":218,"column":42}},"121":{"start":{"line":221,"column":24},"end":{"line":221,"column":42}},"122":{"start":{"line":222,"column":24},"end":{"line":222,"column":42}},"123":{"start":{"line":225,"column":16},"end":{"line":225,"column":22}},"124":{"start":{"line":227,"column":8},"end":{"line":232,"column":9}},"125":{"start":{"line":228,"column":12},"end":{"line":228,"column":88}},"126":{"start":{"line":231,"column":12},"end":{"line":231,"column":88}},"127":{"start":{"line":233,"column":8},"end":{"line":233,"column":35}},"128":{"start":{"line":234,"column":8},"end":{"line":234,"column":23}},"129":{"start":{"line":237,"column":28},"end":{"line":237,"column":29}},"130":{"start":{"line":238,"column":16},"end":{"line":238,"column":17}},"131":{"start":{"line":239,"column":8},"end":{"line":258,"column":9}},"132":{"start":{"line":240,"column":12},"end":{"line":240,"column":38}},"133":{"start":{"line":241,"column":12},"end":{"line":241,"column":16}},"134":{"start":{"line":242,"column":12},"end":{"line":257,"column":13}},"135":{"start":{"line":243,"column":16},"end":{"line":243,"column":73}},"136":{"start":{"line":244,"column":16},"end":{"line":244,"column":93}},"137":{"start":{"line":245,"column":16},"end":{"line":245,"column":55}},"138":{"start":{"line":246,"column":16},"end":{"line":246,"column":105}},"139":{"start":{"line":247,"column":16},"end":{"line":247,"column":30}},"140":{"start":{"line":248,"column":16},"end":{"line":248,"column":32}},"141":{"start":{"line":251,"column":16},"end":{"line":251,"column":73}},"142":{"start":{"line":252,"column":16},"end":{"line":252,"column":93}},"143":{"start":{"line":253,"column":16},"end":{"line":253,"column":55}},"144":{"start":{"line":254,"column":16},"end":{"line":254,"column":105}},"145":{"start":{"line":255,"column":16},"end":{"line":255,"column":30}},"146":{"start":{"line":256,"column":16},"end":{"line":256,"column":32}},"147":{"start":{"line":259,"column":8},"end":{"line":259,"column":22}},"148":{"start":{"line":260,"column":8},"end":{"line":267,"column":9}},"149":{"start":{"line":261,"column":12},"end":{"line":261,"column":86}},"150":{"start":{"line":262,"column":12},"end":{"line":262,"column":57}},"151":{"start":{"line":265,"column":12},"end":{"line":265,"column":86}},"152":{"start":{"line":266,"column":12},"end":{"line":266,"column":57}},"153":{"start":{"line":270,"column":0},"end":{"line":270,"column":24}}},"fnMap":{"0":{"name":"(anonymous_0)","decl":{"start":{"line":7,"column":4},"end":{"line":7,"column":5}},"loc":{"start":{"line":7,"column":36},"end":{"line":10,"column":5}},"line":7},"1":{"name":"(anonymous_1)","decl":{"start":{"line":11,"column":4},"end":{"line":11,"column":5}},"loc":{"start":{"line":11,"column":18},"end":{"line":13,"column":5}},"line":11},"2":{"name":"(anonymous_2)","decl":{"start":{"line":14,"column":4},"end":{"line":14,"column":5}},"loc":{"start":{"line":14,"column":18},"end":{"line":16,"column":5}},"line":14},"3":{"name":"(anonymous_3)","decl":{"start":{"line":17,"column":4},"end":{"line":17,"column":5}},"loc":{"start":{"line":17,"column":17},"end":{"line":19,"column":5}},"line":17},"4":{"name":"(anonymous_4)","decl":{"start":{"line":20,"column":4},"end":{"line":20,"column":5}},"loc":{"start":{"line":20,"column":29},"end":{"line":235,"column":5}},"line":20},"5":{"name":"(anonymous_5)","decl":{"start":{"line":236,"column":4},"end":{"line":236,"column":5}},"loc":{"start":{"line":236,"column":12},"end":{"line":268,"column":5}},"line":236}},"branchMap":{"0":{"loc":{"start":{"line":25,"column":8},"end":{"line":226,"column":9}},"type":"switch","locations":[{"start":{"line":26,"column":12},"end":{"line":101,"column":22}},{"start":{"line":102,"column":12},"end":{"line":209,"column":22}},{"start":{"line":210,"column":12},"end":{"line":225,"column":22}}],"line":25},"1":{"loc":{"start":{"line":28,"column":20},"end":{"line":99,"column":21}},"type":"if","locations":[{"start":{"line":28,"column":20},"end":{"line":99,"column":21}},{"start":{"line":28,"column":20},"end":{"line":99,"column":21}}],"line":28},"2":{"loc":{"start":{"line":32,"column":25},"end":{"line":99,"column":21}},"type":"if","locations":[{"start":{"line":32,"column":25},"end":{"line":99,"column":21}},{"start":{"line":32,"column":25},"end":{"line":99,"column":21}}],"line":32},"3":{"loc":{"start":{"line":37,"column":24},"end":{"line":98,"column":25}},"type":"if","locations":[{"start":{"line":37,"column":24},"end":{"line":98,"column":25}},{"start":{"line":37,"column":24},"end":{"line":98,"column":25}}],"line":37},"4":{"loc":{"start":{"line":37,"column":28},"end":{"line":37,"column":116}},"type":"binary-expr","locations":[{"start":{"line":37,"column":28},"end":{"line":37,"column":70}},{"start":{"line":37,"column":74},"end":{"line":37,"column":116}}],"line":37},"5":{"loc":{"start":{"line":38,"column":28},"end":{"line":97,"column":29}},"type":"switch","locations":[{"start":{"line":39,"column":32},"end":{"line":54,"column":42}},{"start":{"line":55,"column":32},"end":{"line":66,"column":42}},{"start":{"line":67,"column":32},"end":{"line":82,"column":42}},{"start":{"line":83,"column":32},"end":{"line":96,"column":33}}],"line":38},"6":{"loc":{"start":{"line":41,"column":40},"end":{"line":52,"column":41}},"type":"if","locations":[{"start":{"line":41,"column":40},"end":{"line":52,"column":41}},{"start":{"line":41,"column":40},"end":{"line":52,"column":41}}],"line":41},"7":{"loc":{"start":{"line":45,"column":45},"end":{"line":52,"column":41}},"type":"if","locations":[{"start":{"line":45,"column":45},"end":{"line":52,"column":41}},{"start":{"line":45,"column":45},"end":{"line":52,"column":41}}],"line":45},"8":{"loc":{"start":{"line":45,"column":49},"end":{"line":45,"column":126}},"type":"binary-expr","locations":[{"start":{"line":45,"column":49},"end":{"line":45,"column":85}},{"start":{"line":45,"column":89},"end":{"line":45,"column":126}}],"line":45},"9":{"loc":{"start":{"line":57,"column":40},"end":{"line":64,"column":41}},"type":"if","locations":[{"start":{"line":57,"column":40},"end":{"line":64,"column":41}},{"start":{"line":57,"column":40},"end":{"line":64,"column":41}}],"line":57},"10":{"loc":{"start":{"line":69,"column":40},"end":{"line":80,"column":41}},"type":"if","locations":[{"start":{"line":69,"column":40},"end":{"line":80,"column":41}},{"start":{"line":69,"column":40},"end":{"line":80,"column":41}}],"line":69},"11":{"loc":{"start":{"line":73,"column":45},"end":{"line":80,"column":41}},"type":"if","locations":[{"start":{"line":73,"column":45},"end":{"line":80,"column":41}},{"start":{"line":73,"column":45},"end":{"line":80,"column":41}}],"line":73},"12":{"loc":{"start":{"line":73,"column":49},"end":{"line":73,"column":128}},"type":"binary-expr","locations":[{"start":{"line":73,"column":49},"end":{"line":73,"column":86}},{"start":{"line":73,"column":90},"end":{"line":73,"column":128}}],"line":73},"13":{"loc":{"start":{"line":84,"column":36},"end":{"line":95,"column":37}},"type":"if","locations":[{"start":{"line":84,"column":36},"end":{"line":95,"column":37}},{"start":{"line":84,"column":36},"end":{"line":95,"column":37}}],"line":84},"14":{"loc":{"start":{"line":88,"column":41},"end":{"line":95,"column":37}},"type":"if","locations":[{"start":{"line":88,"column":41},"end":{"line":95,"column":37}},{"start":{"line":88,"column":41},"end":{"line":95,"column":37}}],"line":88},"15":{"loc":{"start":{"line":104,"column":20},"end":{"line":207,"column":21}},"type":"if","locations":[{"start":{"line":104,"column":20},"end":{"line":207,"column":21}},{"start":{"line":104,"column":20},"end":{"line":207,"column":21}}],"line":104},"16":{"loc":{"start":{"line":108,"column":25},"end":{"line":207,"column":21}},"type":"if","locations":[{"start":{"line":108,"column":25},"end":{"line":207,"column":21}},{"start":{"line":108,"column":25},"end":{"line":207,"column":21}}],"line":108},"17":{"loc":{"start":{"line":113,"column":24},"end":{"line":206,"column":25}},"type":"if","locations":[{"start":{"line":113,"column":24},"end":{"line":206,"column":25}},{"start":{"line":113,"column":24},"end":{"line":206,"column":25}}],"line":113},"18":{"loc":{"start":{"line":113,"column":28},"end":{"line":113,"column":112}},"type":"binary-expr","locations":[{"start":{"line":113,"column":28},"end":{"line":113,"column":68}},{"start":{"line":113,"column":72},"end":{"line":113,"column":112}}],"line":113},"19":{"loc":{"start":{"line":114,"column":28},"end":{"line":205,"column":29}},"type":"switch","locations":[{"start":{"line":115,"column":32},"end":{"line":130,"column":42}},{"start":{"line":131,"column":32},"end":{"line":146,"column":42}},{"start":{"line":147,"column":32},"end":{"line":162,"column":42}},{"start":{"line":163,"column":32},"end":{"line":176,"column":33}},{"start":{"line":177,"column":32},"end":{"line":190,"column":33}},{"start":{"line":191,"column":32},"end":{"line":204,"column":33}}],"line":114},"20":{"loc":{"start":{"line":117,"column":40},"end":{"line":128,"column":41}},"type":"if","locations":[{"start":{"line":117,"column":40},"end":{"line":128,"column":41}},{"start":{"line":117,"column":40},"end":{"line":128,"column":41}}],"line":117},"21":{"loc":{"start":{"line":117,"column":44},"end":{"line":117,"column":120}},"type":"binary-expr","locations":[{"start":{"line":117,"column":44},"end":{"line":117,"column":81}},{"start":{"line":117,"column":85},"end":{"line":117,"column":120}}],"line":117},"22":{"loc":{"start":{"line":121,"column":45},"end":{"line":128,"column":41}},"type":"if","locations":[{"start":{"line":121,"column":45},"end":{"line":128,"column":41}},{"start":{"line":121,"column":45},"end":{"line":128,"column":41}}],"line":121},"23":{"loc":{"start":{"line":121,"column":49},"end":{"line":121,"column":126}},"type":"binary-expr","locations":[{"start":{"line":121,"column":49},"end":{"line":121,"column":86}},{"start":{"line":121,"column":90},"end":{"line":121,"column":126}}],"line":121},"24":{"loc":{"start":{"line":133,"column":40},"end":{"line":144,"column":41}},"type":"if","locations":[{"start":{"line":133,"column":40},"end":{"line":144,"column":41}},{"start":{"line":133,"column":40},"end":{"line":144,"column":41}}],"line":133},"25":{"loc":{"start":{"line":133,"column":44},"end":{"line":133,"column":121}},"type":"binary-expr","locations":[{"start":{"line":133,"column":44},"end":{"line":133,"column":80}},{"start":{"line":133,"column":84},"end":{"line":133,"column":121}}],"line":133},"26":{"loc":{"start":{"line":137,"column":45},"end":{"line":144,"column":41}},"type":"if","locations":[{"start":{"line":137,"column":45},"end":{"line":144,"column":41}},{"start":{"line":137,"column":45},"end":{"line":144,"column":41}}],"line":137},"27":{"loc":{"start":{"line":137,"column":49},"end":{"line":137,"column":125}},"type":"binary-expr","locations":[{"start":{"line":137,"column":49},"end":{"line":137,"column":86}},{"start":{"line":137,"column":90},"end":{"line":137,"column":125}}],"line":137},"28":{"loc":{"start":{"line":149,"column":40},"end":{"line":160,"column":41}},"type":"if","locations":[{"start":{"line":149,"column":40},"end":{"line":160,"column":41}},{"start":{"line":149,"column":40},"end":{"line":160,"column":41}}],"line":149},"29":{"loc":{"start":{"line":149,"column":44},"end":{"line":149,"column":120}},"type":"binary-expr","locations":[{"start":{"line":149,"column":44},"end":{"line":149,"column":81}},{"start":{"line":149,"column":85},"end":{"line":149,"column":120}}],"line":149},"30":{"loc":{"start":{"line":153,"column":45},"end":{"line":160,"column":41}},"type":"if","locations":[{"start":{"line":153,"column":45},"end":{"line":160,"column":41}},{"start":{"line":153,"column":45},"end":{"line":160,"column":41}}],"line":153},"31":{"loc":{"start":{"line":153,"column":49},"end":{"line":153,"column":125}},"type":"binary-expr","locations":[{"start":{"line":153,"column":49},"end":{"line":153,"column":86}},{"start":{"line":153,"column":90},"end":{"line":153,"column":125}}],"line":153},"32":{"loc":{"start":{"line":164,"column":36},"end":{"line":175,"column":37}},"type":"if","locations":[{"start":{"line":164,"column":36},"end":{"line":175,"column":37}},{"start":{"line":164,"column":36},"end":{"line":175,"column":37}}],"line":164},"33":{"loc":{"start":{"line":168,"column":41},"end":{"line":175,"column":37}},"type":"if","locations":[{"start":{"line":168,"column":41},"end":{"line":175,"column":37}},{"start":{"line":168,"column":41},"end":{"line":175,"column":37}}],"line":168},"34":{"loc":{"start":{"line":168,"column":45},"end":{"line":168,"column":121}},"type":"binary-expr","locations":[{"start":{"line":168,"column":45},"end":{"line":168,"column":80}},{"start":{"line":168,"column":84},"end":{"line":168,"column":121}}],"line":168},"35":{"loc":{"start":{"line":178,"column":36},"end":{"line":189,"column":37}},"type":"if","locations":[{"start":{"line":178,"column":36},"end":{"line":189,"column":37}},{"start":{"line":178,"column":36},"end":{"line":189,"column":37}}],"line":178},"36":{"loc":{"start":{"line":182,"column":41},"end":{"line":189,"column":37}},"type":"if","locations":[{"start":{"line":182,"column":41},"end":{"line":189,"column":37}},{"start":{"line":182,"column":41},"end":{"line":189,"column":37}}],"line":182},"37":{"loc":{"start":{"line":192,"column":36},"end":{"line":203,"column":37}},"type":"if","locations":[{"start":{"line":192,"column":36},"end":{"line":203,"column":37}},{"start":{"line":192,"column":36},"end":{"line":203,"column":37}}],"line":192},"38":{"loc":{"start":{"line":192,"column":40},"end":{"line":192,"column":116}},"type":"binary-expr","locations":[{"start":{"line":192,"column":40},"end":{"line":192,"column":77}},{"start":{"line":192,"column":81},"end":{"line":192,"column":116}}],"line":192},"39":{"loc":{"start":{"line":196,"column":41},"end":{"line":203,"column":37}},"type":"if","locations":[{"start":{"line":196,"column":41},"end":{"line":203,"column":37}},{"start":{"line":196,"column":41},"end":{"line":203,"column":37}}],"line":196},"40":{"loc":{"start":{"line":212,"column":20},"end":{"line":223,"column":21}},"type":"if","locations":[{"start":{"line":212,"column":20},"end":{"line":223,"column":21}},{"start":{"line":212,"column":20},"end":{"line":223,"column":21}}],"line":212},"41":{"loc":{"start":{"line":216,"column":25},"end":{"line":223,"column":21}},"type":"if","locations":[{"start":{"line":216,"column":25},"end":{"line":223,"column":21}},{"start":{"line":216,"column":25},"end":{"line":223,"column":21}}],"line":216},"42":{"loc":{"start":{"line":227,"column":8},"end":{"line":232,"column":9}},"type":"if","locations":[{"start":{"line":227,"column":8},"end":{"line":232,"column":9}},{"start":{"line":227,"column":8},"end":{"line":232,"column":9}}],"line":227},"43":{"loc":{"start":{"line":239,"column":15},"end":{"line":239,"column":73}},"type":"binary-expr","locations":[{"start":{"line":239,"column":16},"end":{"line":239,"column":41}},{"start":{"line":239,"column":47},"end":{"line":239,"column":72}}],"line":239},"44":{"loc":{"start":{"line":242,"column":12},"end":{"line":257,"column":13}},"type":"if","locations":[{"start":{"line":242,"column":12},"end":{"line":257,"column":13}},{"start":{"line":242,"column":12},"end":{"line":257,"column":13}}],"line":242},"45":{"loc":{"start":{"line":260,"column":8},"end":{"line":267,"column":9}},"type":"if","locations":[{"start":{"line":260,"column":8},"end":{"line":267,"column":9}},{"start":{"line":260,"column":8},"end":{"line":267,"column":9}}],"line":260}},"s":{"0":1,"1":1,"2":1,"3":1,"4":2,"5":2,"6":2,"7":1,"8":1,"9":5,"10":5,"11":5,"12":5,"13":5,"14":4,"15":0,"16":0,"17":4,"18":0,"19":0,"20":4,"21":4,"22":0,"23":0,"24":0,"25":0,"26":0,"27":0,"28":0,"29":0,"30":0,"31":4,"32":0,"33":0,"34":4,"35":4,"36":4,"37":0,"38":0,"39":0,"40":0,"41":0,"42":0,"43":0,"44":0,"45":0,"46":0,"47":0,"48":0,"49":0,"50":0,"51":0,"52":0,"53":0,"54":4,"55":1,"56":0,"57":0,"58":1,"59":1,"60":1,"61":0,"62":0,"63":0,"64":0,"65":0,"66":0,"67":0,"68":0,"69":0,"70":0,"71":0,"72":0,"73":0,"74":0,"75":0,"76":0,"77":0,"78":0,"79":0,"80":0,"81":0,"82":0,"83":0,"84":0,"85":0,"86":0,"87":0,"88":0,"89":0,"90":0,"91":0,"92":0,"93":0,"94":0,"95":0,"96":0,"97":0,"98":0,"99":0,"100":0,"101":0,"102":0,"103":0,"104":0,"105":0,"106":0,"107":0,"108":0,"109":0,"110":0,"111":0,"112":0,"113":0,"114":1,"115":0,"116":0,"117":0,"118":0,"119":0,"120":0,"121":0,"122":0,"123":0,"124":5,"125":3,"126":2,"127":5,"128":5,"129":1,"130":1,"131":1,"132":4,"133":4,"134":4,"135":2,"136":2,"137":2,"138":2,"139":2,"140":2,"141":2,"142":2,"143":2,"144":2,"145":2,"146":2,"147":1,"148":1,"149":1,"150":1,"151":0,"152":0,"153":1},"f":{"0":2,"1":2,"2":1,"3":1,"4":5,"5":1},"b":{"0":[4,1,0],"1":[0,4],"2":[0,4],"3":[4,0],"4":[4,4],"5":[0,4,0,0],"6":[0,0],"7":[0,0],"8":[0,0],"9":[0,4],"10":[0,0],"11":[0,0],"12":[0,0],"13":[0,0],"14":[0,0],"15":[0,1],"16":[1,0],"17":[0,0],"18":[0,0],"19":[0,0,0,0,0,0],"20":[0,0],"21":[0,0],"22":[0,0],"23":[0,0],"24":[0,0],"25":[0,0],"26":[0,0],"27":[0,0],"28":[0,0],"29":[0,0],"30":[0,0],"31":[0,0],"32":[0,0],"33":[0,0],"34":[0,0],"35":[0,0],"36":[0,0],"37":[0,0],"38":[0,0],"39":[0,0],"40":[0,0],"41":[0,0],"42":[3,2],"43":[5,4],"44":[2,2],"45":[1,0]},"inputSourceMap":{"version":3,"file":"/home/usuario/ull-esit-inf-dsi-20-21-prct06-generics-solid-alu0101235516/src/ejercicio-1/combat.ts","sources":["/home/usuario/ull-esit-inf-dsi-20-21-prct06-generics-solid-alu0101235516/src/ejercicio-1/combat.ts"],"names":[],"mappings":";;;AACA,qCAAgC;AAChC,uCAAkC;AAElC,MAAa,MAAM;IACjB,YAAoB,QAAiB,EAAU,QAAiB;QAA5C,aAAQ,GAAR,QAAQ,CAAS;QAAU,aAAQ,GAAR,QAAQ,CAAS;IAChE,CAAC;IAEM,WAAW;QAChB,OAAO,IAAI,CAAC,QAAQ,CAAC;IACvB,CAAC;IACM,WAAW;QAChB,OAAO,IAAI,CAAC,QAAQ,CAAC;IACvB,CAAC;IAEM,UAAU;QACf,OAAO,CAAC,uBAAuB,IAAI,CAAC,QAAQ,CAAC,OAAO,EAAE,MAAM,IAAI,CAAC,QAAQ,CAAC,OAAO,EAAE,EAAE,CAAC,CAAC;IACzF,CAAC;IAEM,SAAS,CAAC,aAAqB;QACpC,IAAI,aAAa,GAAW,CAAC,CAAC;QAC9B,IAAI,aAAa,GAAW,CAAC,CAAC;QAC9B,IAAI,IAAI,GAAW,CAAC,CAAC;QACrB,IAAI,OAAO,GAAW,CAAC,CAAC;QAExB,QAAQ,IAAI,CAAC,QAAQ,CAAC,WAAW,EAAE,EAAE;YACnC,KAAK,SAAS;gBAAE;oBACd,IAAI,IAAI,CAAC,QAAQ,CAAC,WAAW,EAAE,IAAI,UAAU,EAAE;wBAC7C,aAAa,GAAG,CAAC,CAAC;wBAClB,aAAa,GAAG,GAAG,CAAC;qBACrB;yBAAM,IAAI,IAAI,CAAC,QAAQ,CAAC,WAAW,EAAE,IAAI,QAAQ,EAAE;wBAClD,aAAa,GAAG,GAAG,CAAC;wBACpB,aAAa,GAAG,CAAC,CAAC;qBACnB;yBAAM;wBACL,IAAI,IAAI,CAAC,QAAQ,YAAY,iBAAO,IAAI,IAAI,CAAC,QAAQ,YAAY,iBAAO,EAAE;4BACxE,QAAQ,IAAI,CAAC,QAAQ,CAAC,UAAU,EAAE,EAAE;gCAClC,KAAK,OAAO;oCAAE;wCACZ,IAAI,IAAI,CAAC,QAAQ,CAAC,UAAU,EAAE,IAAI,QAAQ,EAAE;4CAC1C,aAAa,GAAG,CAAC,CAAC;4CAClB,aAAa,GAAG,GAAG,CAAC;yCACrB;6CAAM,IAAI,IAAI,CAAC,QAAQ,CAAC,UAAU,EAAE,IAAI,MAAM,IAAI,IAAI,CAAC,QAAQ,CAAC,UAAU,EAAE,IAAI,OAAO,EAAE;4CACxF,aAAa,GAAG,GAAG,CAAC;4CACpB,aAAa,GAAG,CAAC,CAAC;yCACnB;6CAAM;4CACL,aAAa,GAAG,CAAC,CAAC;4CAClB,aAAa,GAAG,CAAC,CAAC;yCACnB;qCACF;oCAAC,MAAM;gCAER,KAAK,MAAM;oCAAE;wCACX,IAAI,IAAI,CAAC,QAAQ,CAAC,UAAU,EAAE,IAAI,OAAO,EAAE;4CACzC,aAAa,GAAG,CAAC,CAAC;4CAClB,aAAa,GAAG,GAAG,CAAC;yCACrB;6CAAM;4CACL,aAAa,GAAG,GAAG,CAAC;4CACpB,aAAa,GAAG,CAAC,CAAC;yCACnB;qCACF;oCAAC,MAAM;gCAER,KAAK,QAAQ;oCAAE;wCACb,IAAI,IAAI,CAAC,QAAQ,CAAC,UAAU,EAAE,IAAI,MAAM,EAAE;4CACxC,aAAa,GAAG,CAAC,CAAC;4CAClB,aAAa,GAAG,GAAG,CAAC;yCACrB;6CAAM,IAAI,IAAI,CAAC,QAAQ,CAAC,UAAU,EAAE,IAAI,OAAO,IAAI,IAAI,CAAC,QAAQ,CAAC,UAAU,EAAE,IAAI,QAAQ,EAAE;4CAC1F,aAAa,GAAG,GAAG,CAAC;4CACpB,aAAa,GAAG,CAAC,CAAC;yCACnB;6CAAM;4CACL,aAAa,GAAG,CAAC,CAAC;4CAClB,aAAa,GAAG,CAAC,CAAC;yCACnB;qCACF;oCAAC,MAAM;gCAER,KAAK,WAAW,CAAC,CAAC;oCAChB,IAAI,IAAI,CAAC,QAAQ,CAAC,UAAU,EAAE,IAAI,MAAM,EAAE;wCACxC,aAAa,GAAG,CAAC,CAAC;wCAClB,aAAa,GAAG,GAAG,CAAC;qCACrB;yCAAM,IAAI,IAAI,CAAC,QAAQ,CAAC,UAAU,EAAE,IAAI,WAAW,EAAE;wCACpD,aAAa,GAAG,GAAG,CAAC;wCACpB,aAAa,GAAG,CAAC,CAAC;qCACnB;yCAAM;wCACL,aAAa,GAAG,CAAC,CAAC;wCAClB,aAAa,GAAG,CAAC,CAAC;qCACnB;iCACF;6BACF;yBACF;qBACF;iBACF;gBAAC,MAAM;YAER,KAAK,QAAQ;gBAAE;oBACb,IAAI,IAAI,CAAC,QAAQ,CAAC,WAAW,EAAE,IAAI,SAAS,EAAE;wBAC5C,aAAa,GAAG,CAAC,CAAC;wBAClB,aAAa,GAAG,GAAG,CAAC;qBACrB;yBAAM,IAAI,IAAI,CAAC,QAAQ,CAAC,WAAW,EAAE,IAAI,UAAU,EAAE;wBACpD,aAAa,GAAG,GAAG,CAAC;wBACpB,aAAa,GAAG,CAAC,CAAC;qBACnB;yBAAM;wBACL,IAAI,IAAI,CAAC,QAAQ,YAAY,eAAM,IAAI,IAAI,CAAC,QAAQ,YAAY,eAAM,EAAE;4BACtE,QAAQ,IAAI,CAAC,QAAQ,CAAC,SAAS,EAAE,EAAE;gCACjC,KAAK,MAAM;oCAAE;wCACX,IAAI,IAAI,CAAC,QAAQ,CAAC,SAAS,EAAE,IAAI,QAAQ,IAAI,IAAI,CAAC,QAAQ,CAAC,SAAS,EAAE,IAAI,MAAM,EAAE;4CAChF,aAAa,GAAG,CAAC,CAAC;4CAClB,aAAa,GAAG,GAAG,CAAC;yCACrB;6CAAM,IAAI,IAAI,CAAC,QAAQ,CAAC,SAAS,EAAE,IAAI,QAAQ,IAAI,IAAI,CAAC,QAAQ,CAAC,SAAS,EAAE,IAAI,OAAO,EAAE;4CACxF,aAAa,GAAG,GAAG,CAAC;4CACpB,aAAa,GAAG,CAAC,CAAC;yCACnB;6CAAM;4CACL,aAAa,GAAG,CAAC,CAAC;4CAClB,aAAa,GAAG,CAAC,CAAC;yCACnB;qCACF;oCAAC,MAAM;gCAER,KAAK,QAAQ;oCAAE;wCACb,IAAI,IAAI,CAAC,QAAQ,CAAC,SAAS,EAAE,IAAI,OAAO,IAAI,IAAI,CAAC,QAAQ,CAAC,SAAS,EAAE,IAAI,QAAQ,EAAE;4CACjF,aAAa,GAAG,CAAC,CAAC;4CAClB,aAAa,GAAG,GAAG,CAAC;yCACrB;6CAAM,IAAI,IAAI,CAAC,QAAQ,CAAC,SAAS,EAAE,IAAI,QAAQ,IAAI,IAAI,CAAC,QAAQ,CAAC,SAAS,EAAE,IAAI,MAAM,EAAE;4CACvF,aAAa,GAAG,GAAG,CAAC;4CACpB,aAAa,GAAG,CAAC,CAAC;yCACnB;6CAAM;4CACL,aAAa,GAAG,CAAC,CAAC;4CAClB,aAAa,GAAG,CAAC,CAAC;yCACnB;qCACF;oCAAC,MAAM;gCAER,KAAK,OAAO;oCAAE;wCACZ,IAAI,IAAI,CAAC,QAAQ,CAAC,SAAS,EAAE,IAAI,QAAQ,IAAI,IAAI,CAAC,QAAQ,CAAC,SAAS,EAAE,IAAI,MAAM,EAAE;4CAChF,aAAa,GAAG,CAAC,CAAC;4CAClB,aAAa,GAAG,GAAG,CAAC;yCACrB;6CAAM,IAAI,IAAI,CAAC,QAAQ,CAAC,SAAS,EAAE,IAAI,QAAQ,IAAI,IAAI,CAAC,QAAQ,CAAC,SAAS,EAAE,IAAI,MAAM,EAAE;4CACvF,aAAa,GAAG,GAAG,CAAC;4CACpB,aAAa,GAAG,CAAC,CAAC;yCACnB;6CAAM;4CACL,aAAa,GAAG,CAAC,CAAC;4CAClB,aAAa,GAAG,CAAC,CAAC;yCACnB;qCACF;oCAAC,MAAM;gCAER,KAAK,MAAM,CAAC,CAAC;oCACX,IAAI,IAAI,CAAC,QAAQ,CAAC,SAAS,EAAE,IAAI,OAAO,EAAE;wCACxC,aAAa,GAAG,CAAC,CAAC;wCAClB,aAAa,GAAG,GAAG,CAAC;qCACrB;yCAAM,IAAI,IAAI,CAAC,QAAQ,CAAC,SAAS,EAAE,IAAI,MAAM,IAAI,IAAI,CAAC,QAAQ,CAAC,SAAS,EAAE,IAAI,QAAQ,EAAE;wCACvF,aAAa,GAAG,GAAG,CAAC;wCACpB,aAAa,GAAG,CAAC,CAAC;qCACnB;yCAAM;wCACL,aAAa,GAAG,CAAC,CAAC;wCAClB,aAAa,GAAG,CAAC,CAAC;qCACnB;iCACF;gCAED,KAAK,QAAQ,CAAC,CAAC;oCACb,IAAI,IAAI,CAAC,QAAQ,CAAC,SAAS,EAAE,IAAI,MAAM,EAAE;wCACvC,aAAa,GAAG,CAAC,CAAC;wCAClB,aAAa,GAAG,GAAG,CAAC;qCACrB;yCAAM,IAAI,IAAI,CAAC,QAAQ,CAAC,SAAS,EAAE,IAAI,QAAQ,EAAE;wCAChD,aAAa,GAAG,GAAG,CAAC;wCACpB,aAAa,GAAG,CAAC,CAAC;qCACnB;yCAAM;wCACL,aAAa,GAAG,CAAC,CAAC;wCAClB,aAAa,GAAG,CAAC,CAAC;qCACnB;iCACF;gCAED,KAAK,QAAQ,CAAC,CAAC;oCACb,IAAI,IAAI,CAAC,QAAQ,CAAC,SAAS,EAAE,IAAI,QAAQ,IAAI,IAAI,CAAC,QAAQ,CAAC,SAAS,EAAE,IAAI,MAAM,EAAE;wCAChF,aAAa,GAAG,CAAC,CAAC;wCAClB,aAAa,GAAG,GAAG,CAAC;qCACrB;yCAAM,IAAI,IAAI,CAAC,QAAQ,CAAC,SAAS,EAAE,IAAI,OAAO,EAAE;wCAC/C,aAAa,GAAG,GAAG,CAAC;wCACpB,aAAa,GAAG,CAAC,CAAC;qCACnB;yCAAM;wCACL,aAAa,GAAG,CAAC,CAAC;wCAClB,aAAa,GAAG,CAAC,CAAC;qCACnB;iCACF;6BACF;yBACF;qBACF;iBACF;gBAAC,MAAM;YAER,KAAK,UAAU;gBAAE;oBACf,IAAI,IAAI,CAAC,QAAQ,CAAC,WAAW,EAAE,IAAI,QAAQ,EAAE;wBAC3C,aAAa,GAAG,CAAC,CAAC;wBAClB,aAAa,GAAG,GAAG,CAAC;qBACrB;yBAAM,IAAI,IAAI,CAAC,QAAQ,CAAC,WAAW,EAAE,IAAI,SAAS,EAAE;wBACnD,aAAa,GAAG,GAAG,CAAC;wBACpB,aAAa,GAAG,CAAC,CAAC;qBACnB;yBAAM;wBACL,aAAa,GAAG,CAAC,CAAC;wBAClB,aAAa,GAAG,CAAC,CAAC;qBACnB;iBACF;gBAAC,MAAM;SACT;QAED,IAAI,aAAa,IAAI,CAAC,EAAE;YACtB,IAAI,GAAG,EAAE,GAAG,CAAC,IAAI,CAAC,QAAQ,CAAC,KAAK,EAAE,GAAG,IAAI,CAAC,QAAQ,CAAC,KAAK,EAAE,CAAC,GAAG,aAAa,CAAC;SAC7E;aAAM;YACL,IAAI,GAAG,EAAE,GAAG,CAAC,IAAI,CAAC,QAAQ,CAAC,KAAK,EAAE,GAAG,IAAI,CAAC,QAAQ,CAAC,KAAK,EAAE,CAAC,GAAG,aAAa,CAAC;SAC7E;QACD,OAAO,GAAG,IAAI,CAAC,KAAK,CAAC,IAAI,CAAC,CAAC;QAC3B,OAAO,OAAO,CAAC;IACjB,CAAC;IAEM,KAAK;QACV,IAAI,aAAa,GAAW,CAAC,CAAC;QAC9B,IAAI,CAAC,GAAW,CAAC,CAAC;QAElB,OAAO,CAAC,IAAI,CAAC,QAAQ,CAAC,KAAK,EAAE,GAAG,CAAC,CAAC,IAAI,CAAC,IAAI,CAAC,QAAQ,CAAC,KAAK,EAAE,GAAG,CAAC,CAAC,EAAE;YACjE,OAAO,CAAC,GAAG,CAAC,SAAS,CAAC,EAAE,CAAC,CAAC;YAC1B,CAAC,EAAE,CAAC;YAEJ,IAAI,aAAa,IAAI,CAAC,EAAE;gBACtB,OAAO,CAAC,GAAG,CAAC,kBAAkB,IAAI,CAAC,QAAQ,CAAC,OAAO,EAAE,EAAE,CAAC,CAAC;gBACzD,IAAI,CAAC,QAAQ,CAAC,KAAK,CAAC,CAAC,IAAI,CAAC,QAAQ,CAAC,KAAK,EAAE,CAAC,GAAG,IAAI,CAAC,SAAS,CAAC,aAAa,CAAC,CAAC,CAAC;gBAC7E,OAAO,CAAC,GAAG,CAAC,IAAI,CAAC,QAAQ,CAAC,SAAS,EAAE,CAAC,CAAC;gBACvC,OAAO,CAAC,GAAG,CAAC,WAAW,IAAI,CAAC,QAAQ,CAAC,OAAO,EAAE,cAAc,IAAI,CAAC,QAAQ,CAAC,KAAK,EAAE,MAAM,CAAC,CAAC;gBACzF,OAAO,CAAC,GAAG,EAAE,CAAC;gBACd,aAAa,EAAE,CAAC;aACjB;iBAAM;gBACL,OAAO,CAAC,GAAG,CAAC,kBAAkB,IAAI,CAAC,QAAQ,CAAC,OAAO,EAAE,EAAE,CAAC,CAAC;gBACzD,IAAI,CAAC,QAAQ,CAAC,KAAK,CAAC,CAAC,IAAI,CAAC,QAAQ,CAAC,KAAK,EAAE,CAAC,GAAG,IAAI,CAAC,SAAS,CAAC,aAAa,CAAC,CAAC,CAAC;gBAC7E,OAAO,CAAC,GAAG,CAAC,IAAI,CAAC,QAAQ,CAAC,SAAS,EAAE,CAAC,CAAC;gBACvC,OAAO,CAAC,GAAG,CAAC,WAAW,IAAI,CAAC,QAAQ,CAAC,OAAO,EAAE,cAAc,IAAI,CAAC,QAAQ,CAAC,KAAK,EAAE,MAAM,CAAC,CAAC;gBACzF,OAAO,CAAC,GAAG,EAAE,CAAC;gBACd,aAAa,EAAE,CAAC;aACjB;SACF;QACD,OAAO,CAAC,GAAG,EAAE,CAAC;QACd,IAAI,IAAI,CAAC,QAAQ,CAAC,KAAK,EAAE,GAAG,CAAC,EAAE;YAC7B,OAAO,CAAC,GAAG,CAAC,kBAAkB,IAAI,CAAC,QAAQ,CAAC,OAAO,EAAE,CAAC,WAAW,EAAE,KAAK,CAAC,CAAC;YAC1E,OAAO,IAAI,CAAC,QAAQ,CAAC,OAAO,EAAE,CAAC,WAAW,EAAE,CAAC;SAC9C;aAAM;YACL,OAAO,CAAC,GAAG,CAAC,kBAAkB,IAAI,CAAC,QAAQ,CAAC,OAAO,EAAE,CAAC,WAAW,EAAE,KAAK,CAAC,CAAC;YAC1E,OAAO,IAAI,CAAC,QAAQ,CAAC,OAAO,EAAE,CAAC,WAAW,EAAE,CAAC;SAC9C;IACH,CAAC;CACF;AAzOD,wBAyOC","sourcesContent":["import {Fighter} from './fighter';\nimport {Naruto} from './naruto';\nimport {Pokemon} from './pokemon';\n\nexport class Combat {\n  constructor(private fighter1: Fighter, private fighter2: Fighter) {\n  }\n\n  public getFighter1() {\n    return this.fighter1;\n  }\n  public getFighter2() {\n    return this.fighter2;\n  }\n\n  public getCombate() {\n    return (`El combate es entre ${this.fighter1.getName()} y ${this.fighter2.getName()}`);\n  }\n\n  public damageGet(FighterAttack: number) {\n    let efectFighter1: number = 0;\n    let efectFighter2: number = 0;\n    let daño: number = 0;\n    let dañoInt: number = 0;\n\n    switch (this.fighter1.getUniverse()) {\n      case \"Pokemon\": {\n        if (this.fighter2.getUniverse() == \"Blizzard\") {\n          efectFighter1 = 2;\n          efectFighter2 = 0.5;\n        } else if (this.fighter2.getUniverse() == \"Naruto\") {\n          efectFighter1 = 0.5;\n          efectFighter2 = 2;\n        } else {\n          if (this.fighter1 instanceof Pokemon && this.fighter2 instanceof Pokemon) {\n            switch (this.fighter1.getPokType()) {\n              case `fuego`: {\n                if (this.fighter2.getPokType() == `hierba`) {\n                  efectFighter1 = 2;\n                  efectFighter2 = 0.5;\n                } else if (this.fighter2.getPokType() == `agua` || this.fighter2.getPokType() == `fuego`) {\n                  efectFighter1 = 0.5;\n                  efectFighter2 = 2;\n                } else {\n                  efectFighter1 = 1;\n                  efectFighter2 = 1;\n                }\n              } break;\n\n              case `agua`: {\n                if (this.fighter2.getPokType() == `fuego`) {\n                  efectFighter1 = 2;\n                  efectFighter2 = 0.5;\n                } else {\n                  efectFighter1 = 0.5;\n                  efectFighter2 = 2;\n                }\n              } break;\n\n              case `hierba`: {\n                if (this.fighter2.getPokType() == `agua`) {\n                  efectFighter1 = 2;\n                  efectFighter2 = 0.5;\n                } else if (this.fighter2.getPokType() == `fuego` || this.fighter2.getPokType() == `hierba`) {\n                  efectFighter1 = 0.5;\n                  efectFighter2 = 2;\n                } else {\n                  efectFighter1 = 1;\n                  efectFighter2 = 1;\n                }\n              } break;\n\n              case `electrico`: {\n                if (this.fighter2.getPokType() == `agua`) {\n                  efectFighter1 = 2;\n                  efectFighter2 = 0.5;\n                } else if (this.fighter2.getPokType() == `electrico`) {\n                  efectFighter1 = 0.5;\n                  efectFighter2 = 2;\n                } else {\n                  efectFighter1 = 1;\n                  efectFighter2 = 1;\n                }\n              }\n            }\n          }\n        }\n      } break;\n\n      case \"Naruto\": {\n        if (this.fighter2.getUniverse() == \"Pokemon\") {\n          efectFighter1 = 2;\n          efectFighter2 = 0.5;\n        } else if (this.fighter2.getUniverse() == \"Blizzard\") {\n          efectFighter1 = 0.5;\n          efectFighter2 = 2;\n        } else {\n          if (this.fighter1 instanceof Naruto && this.fighter2 instanceof Naruto) {\n            switch (this.fighter1.getChakra()) {\n              case `rayo`: {\n                if (this.fighter2.getChakra() == `viento` || this.fighter2.getChakra() == `agua`) {\n                  efectFighter1 = 2;\n                  efectFighter2 = 0.5;\n                } else if (this.fighter2.getChakra() == `madera` || this.fighter2.getChakra() == `fuego`) {\n                  efectFighter1 = 0.5;\n                  efectFighter2 = 2;\n                } else {\n                  efectFighter1 = 1;\n                  efectFighter2 = 1;\n                }\n              } break;\n\n              case `viento`: {\n                if (this.fighter2.getChakra() == `fuego` || this.fighter2.getChakra() == `tierra`) {\n                  efectFighter1 = 2;\n                  efectFighter2 = 0.5;\n                } else if (this.fighter2.getChakra() == `madera` || this.fighter2.getChakra() == `rayo`) {\n                  efectFighter1 = 0.5;\n                  efectFighter2 = 2;\n                } else {\n                  efectFighter1 = 1;\n                  efectFighter2 = 1;\n                }\n              } break;\n\n              case `fuego`: {\n                if (this.fighter2.getChakra() == `madera` || this.fighter2.getChakra() == `rayo`) {\n                  efectFighter1 = 2;\n                  efectFighter2 = 0.5;\n                } else if (this.fighter2.getChakra() == `viento` || this.fighter2.getChakra() == `agua`) {\n                  efectFighter1 = 0.5;\n                  efectFighter2 = 2;\n                } else {\n                  efectFighter1 = 1;\n                  efectFighter2 = 1;\n                }\n              } break;\n\n              case `agua`: {\n                if (this.fighter2.getChakra() == `fuego`) {\n                  efectFighter1 = 2;\n                  efectFighter2 = 0.5;\n                } else if (this.fighter2.getChakra() == `rayo` || this.fighter2.getChakra() == `tierra`) {\n                  efectFighter1 = 0.5;\n                  efectFighter2 = 2;\n                } else {\n                  efectFighter1 = 1;\n                  efectFighter2 = 1;\n                }\n              }\n\n              case `tierra`: {\n                if (this.fighter2.getChakra() == `agua`) {\n                  efectFighter1 = 2;\n                  efectFighter2 = 0.5;\n                } else if (this.fighter2.getChakra() == `viento`) {\n                  efectFighter1 = 0.5;\n                  efectFighter2 = 2;\n                } else {\n                  efectFighter1 = 1;\n                  efectFighter2 = 1;\n                }\n              }\n\n              case `madera`: {\n                if (this.fighter2.getChakra() == `viento` || this.fighter2.getChakra() == `rayo`) {\n                  efectFighter1 = 2;\n                  efectFighter2 = 0.5;\n                } else if (this.fighter2.getChakra() == `fuego`) {\n                  efectFighter1 = 0.5;\n                  efectFighter2 = 2;\n                } else {\n                  efectFighter1 = 1;\n                  efectFighter2 = 1;\n                }\n              }\n            }\n          }\n        }\n      } break;\n\n      case \"Blizzard\": {\n        if (this.fighter2.getUniverse() == \"Naruto\") {\n          efectFighter1 = 2;\n          efectFighter2 = 0.5;\n        } else if (this.fighter2.getUniverse() == \"Pokemon\") {\n          efectFighter1 = 0.5;\n          efectFighter2 = 2;\n        } else {\n          efectFighter1 = 1;\n          efectFighter2 = 1;\n        }\n      } break;\n    }\n\n    if (FighterAttack == 0) {\n      daño = 50 * (this.fighter1.getAT() / this.fighter2.getDF()) * efectFighter1;\n    } else {\n      daño = 50 * (this.fighter2.getAT() / this.fighter1.getDF()) * efectFighter2;\n    }\n    dañoInt = Math.round(daño);\n    return dañoInt;\n  }\n\n  public start() {\n    let FighterAttack: number = 0;\n    let i: number = 0;\n\n    while ((this.fighter1.getHP() > 0) && (this.fighter2.getHP() > 0)) {\n      console.log(`RONDA ${i}`);\n      i++;\n\n      if (FighterAttack == 0) {\n        console.log(`Esta atacando: ${this.fighter1.getName()}`);\n        this.fighter2.setHP((this.fighter2.getHP()) - this.damageGet(FighterAttack));\n        console.log(this.fighter1.getPhrase());\n        console.log(`Vida de ${this.fighter2.getName()} restante: ${this.fighter2.getHP()} HP.`);\n        console.log();\n        FighterAttack++;\n      } else {\n        console.log(`Esta atacando: ${this.fighter2.getName()}`);\n        this.fighter1.setHP((this.fighter1.getHP()) - this.damageGet(FighterAttack));\n        console.log(this.fighter2.getPhrase());\n        console.log(`Vida de ${this.fighter1.getName()} restante: ${this.fighter1.getHP()} HP.`);\n        console.log();\n        FighterAttack--;\n      }\n    }\n    console.log();\n    if (this.fighter1.getHP() < 0) {\n      console.log(`EL VENCEDOR ES ${this.fighter2.getName().toUpperCase()}!!!`);\n      return this.fighter2.getName().toUpperCase();\n    } else {\n      console.log(`EL VENCEDOR ES ${this.fighter1.getName().toUpperCase()}!!!`);\n      return this.fighter1.getName().toUpperCase();\n    }\n  }\n}\n"]},"_coverageSchema":"1a1c01bbd47fc00a2c39e90264f33305004495a9","hash":"00a1d2f2d8f177b71a6c72613048888eaaff45f2","contentHash":"c62080ec72d30a2f442ceab8c03769349d64930369b1bc07d9fc5ff132b19b02"},"/home/usuario/ull-esit-inf-dsi-20-21-prct06-generics-solid-alu0101235516/src/ejercicio-1/fightBook.ts":{"path":"/home/usuario/ull-esit-inf-dsi-20-21-prct06-generics-solid-alu0101235516/src/ejercicio-1/fightBook.ts","statementMap":{"0":{"start":{"line":2,"column":0},"end":{"line":2,"column":62}},"1":{"start":{"line":3,"column":0},"end":{"line":3,"column":27}},"2":{"start":{"line":13,"column":8},"end":{"line":13,"column":43}},"3":{"start":{"line":20,"column":8},"end":{"line":20,"column":34}},"4":{"start":{"line":27,"column":8},"end":{"line":27,"column":41}},"5":{"start":{"line":33,"column":8},"end":{"line":33,"column":120}},"6":{"start":{"line":36,"column":0},"end":{"line":36,"column":30}}},"fnMap":{"0":{"name":"(anonymous_0)","decl":{"start":{"line":12,"column":4},"end":{"line":12,"column":5}},"loc":{"start":{"line":12,"column":31},"end":{"line":14,"column":5}},"line":12},"1":{"name":"(anonymous_1)","decl":{"start":{"line":19,"column":4},"end":{"line":19,"column":5}},"loc":{"start":{"line":19,"column":18},"end":{"line":21,"column":5}},"line":19},"2":{"name":"(anonymous_2)","decl":{"start":{"line":26,"column":4},"end":{"line":26,"column":5}},"loc":{"start":{"line":26,"column":27},"end":{"line":28,"column":5}},"line":26},"3":{"name":"(anonymous_3)","decl":{"start":{"line":32,"column":4},"end":{"line":32,"column":5}},"loc":{"start":{"line":32,"column":25},"end":{"line":34,"column":5}},"line":32}},"branchMap":{},"s":{"0":1,"1":1,"2":1,"3":1,"4":6,"5":1,"6":1},"f":{"0":1,"1":1,"2":6,"3":1},"b":{},"inputSourceMap":{"version":3,"file":"/home/usuario/ull-esit-inf-dsi-20-21-prct06-generics-solid-alu0101235516/src/ejercicio-1/fightBook.ts","sources":["/home/usuario/ull-esit-inf-dsi-20-21-prct06-generics-solid-alu0101235516/src/ejercicio-1/fightBook.ts"],"names":[],"mappings":";;;AAEA;;GAEG;AACH,MAAa,SAAS;IACpB;;;OAGG;IACH,YAAoB,aAAwB;QAAxB,kBAAa,GAAb,aAAa,CAAW;IAAG,CAAC;IAEhD;;;OAGG;IAEI,WAAW;QAChB,OAAO,IAAI,CAAC,aAAa,CAAC;IAC5B,CAAC;IAED;;;OAGG;IAEI,aAAa,CAAC,OAAgB;QACnC,IAAI,CAAC,aAAa,CAAC,IAAI,CAAC,OAAO,CAAC,CAAC;IACnC,CAAC;IAED;;OAEG;IAEI,kBAAkB;QACvB,OAAO,CAAC,KAAK,CAAC,IAAI,CAAC,aAAa,EAAE,CAAC,MAAM,EAAE,QAAQ,EAAE,QAAQ,EAAE,SAAS,EAAE,QAAQ,EAAE,QAAQ,EAAE,MAAM,EAAE,OAAO,CAAC,CAAC,CAAC;IAClH,CAAC;CACF;AAhCD,8BAgCC","sourcesContent":["import {Fighter} from './fighter';\n\n/**\n * Clase fight book contiene todos los luchadores.\n */\nexport class FightBook {\n  /**\n   * Constructor de la clase\n   * @param GestorFighter Conjunto de luchadores\n   */\n  constructor(private GestorFighter: Fighter[]) {}\n\n  /**\n   * Funcion para acceder a la variable privada GestorFighter\n   * @returns los luchadores que tenemos guardados\n   */\n\n  public getFighters() {\n    return this.GestorFighter;\n  }\n\n  /**\n   * Funcion para añadir un luchadores a la base de datos\n   * @param luchadores nuevo luchadores que quieres añadir\n   */\n\n  public añadirFighter(fighter: Fighter) {\n    this.GestorFighter.push(fighter);\n  }\n\n  /**\n   * Funcion para mostrar por pantalla en forma de tabla la fight book\n   */\n\n  public mostrarFighterBook() {\n    console.table(this.GestorFighter, [\"name\", \"weight\", \"height\", \"PokType\", \"chakra\", \"ocular\", \"raza\", \"apoyo\"]);\n  }\n}\n"]},"_coverageSchema":"1a1c01bbd47fc00a2c39e90264f33305004495a9","hash":"5ad5a72a331cbbded5957c1bed57f557e36be308","contentHash":"0c9bb7ea77762720d5f82742c050be10f14bda9ab5b875d96e31abb0966c24a6"},"/home/usuario/ull-esit-inf-dsi-20-21-prct06-generics-solid-alu0101235516/src/ejercicio-2/velocidad.ts":{"path":"/home/usuario/ull-esit-inf-dsi-20-21-prct06-generics-solid-alu0101235516/src/ejercicio-2/velocidad.ts","statementMap":{"0":{"start":{"line":2,"column":0},"end":{"line":2,"column":62}},"1":{"start":{"line":3,"column":0},"end":{"line":3,"column":27}},"2":{"start":{"line":9,"column":8},"end":{"line":9,"column":29}},"3":{"start":{"line":10,"column":8},"end":{"line":10,"column":29}},"4":{"start":{"line":11,"column":8},"end":{"line":11,"column":33}},"5":{"start":{"line":18,"column":21},"end":{"line":18,"column":23}},"6":{"start":{"line":19,"column":8},"end":{"line":26,"column":9}},"7":{"start":{"line":20,"column":12},"end":{"line":20,"column":120}},"8":{"start":{"line":21,"column":12},"end":{"line":21,"column":26}},"9":{"start":{"line":24,"column":12},"end":{"line":24,"column":119}},"10":{"start":{"line":25,"column":12},"end":{"line":25,"column":26}},"11":{"start":{"line":29,"column":0},"end":{"line":29,"column":30}}},"fnMap":{"0":{"name":"(anonymous_0)","decl":{"start":{"line":8,"column":4},"end":{"line":8,"column":5}},"loc":{"start":{"line":8,"column":42},"end":{"line":12,"column":5}},"line":8},"1":{"name":"(anonymous_1)","decl":{"start":{"line":17,"column":4},"end":{"line":17,"column":5}},"loc":{"start":{"line":17,"column":16},"end":{"line":27,"column":5}},"line":17}},"branchMap":{"0":{"loc":{"start":{"line":19,"column":8},"end":{"line":26,"column":9}},"type":"if","locations":[{"start":{"line":19,"column":8},"end":{"line":26,"column":9}},{"start":{"line":19,"column":8},"end":{"line":26,"column":9}}],"line":19}},"s":{"0":1,"1":1,"2":1,"3":1,"4":1,"5":1,"6":1,"7":1,"8":1,"9":0,"10":0,"11":1},"f":{"0":1,"1":1},"b":{"0":[1,0]},"inputSourceMap":{"version":3,"file":"/home/usuario/ull-esit-inf-dsi-20-21-prct06-generics-solid-alu0101235516/src/ejercicio-2/velocidad.ts","sources":["/home/usuario/ull-esit-inf-dsi-20-21-prct06-generics-solid-alu0101235516/src/ejercicio-2/velocidad.ts"],"names":[],"mappings":";;;AAIA,MAAa,SAAS;IACpB;;OAEG;IACH,YAAmB,MAAc,EAAS,MAAkB,EAAS,QAAoB;QAAtE,WAAM,GAAN,MAAM,CAAQ;QAAS,WAAM,GAAN,MAAM,CAAY;QAAS,aAAQ,GAAR,QAAQ,CAAY;IACzF,CAAC;IACD;;;OAGG;IAEH,SAAS;QACP,IAAI,MAAM,GAAW,EAAE,CAAC;QAExB,IAAI,IAAI,CAAC,MAAM,KAAK,QAAQ,EAAE;YAC5B,MAAM,GAAG,CAAC,IAAI,IAAI,CAAC,MAAM,CAAC,QAAQ,EAAE,iCAAiC,IAAI,CAAC,MAAM,GAAG,QAAQ,eAAe,CAAC,CAAC;YAC5G,OAAO,MAAM,CAAC;SACf;aAAM;YACL,MAAM,GAAG,CAAC,IAAI,IAAI,CAAC,MAAM,CAAC,QAAQ,EAAE,6BAA6B,IAAI,CAAC,MAAM,GAAG,OAAO,mBAAmB,CAAC,CAAC;YAC3G,OAAO,MAAM,CAAC;SACf;IACH,CAAC;CACF;AAtBD,8BAsBC","sourcesContent":["import {isConvertible} from './isConvertible';\n\nexport type speedUnits = \"millas\" | \"kilometros\";\n\nexport class Velocidad implements isConvertible<speedUnits> {\n  /**\n   * Constructor de la clase\n   */\n  constructor(public amount: number, public unitTo: speedUnits, public unitFrom: speedUnits) {\n  }\n  /**\n   * Funcion para la conversion de unidades de velocidad\n   * @returns Un string con el resultado de la conversion\n   */\n\n  conversor(): string {\n    let output: string = \"\";\n\n    if (this.unitTo === \"millas\") {\n      output = (`[${this.amount.toString()}] kilometros/hora es igual a [${this.amount * 0.621371}] millas/hora`);\n      return output;\n    } else {\n      output = (`[${this.amount.toString()}] millas/hora es igual a [${this.amount * 1.60934}] kilometros/hora`);\n      return output;\n    }\n  }\n}\n"]},"_coverageSchema":"1a1c01bbd47fc00a2c39e90264f33305004495a9","hash":"d1ce8ae7b08b780408327a4ee442aff6883c3eaa","contentHash":"d98d44b3d322f6fdec53f68c0adc925bda41c35e7f785636446a694abb72b9f2"},"/home/usuario/ull-esit-inf-dsi-20-21-prct06-generics-solid-alu0101235516/src/ejercicio-2/masa.ts":{"path":"/home/usuario/ull-esit-inf-dsi-20-21-prct06-generics-solid-alu0101235516/src/ejercicio-2/masa.ts","statementMap":{"0":{"start":{"line":2,"column":0},"end":{"line":2,"column":62}},"1":{"start":{"line":3,"column":0},"end":{"line":3,"column":22}},"2":{"start":{"line":9,"column":8},"end":{"line":9,"column":29}},"3":{"start":{"line":10,"column":8},"end":{"line":10,"column":29}},"4":{"start":{"line":11,"column":8},"end":{"line":11,"column":33}},"5":{"start":{"line":18,"column":21},"end":{"line":18,"column":23}},"6":{"start":{"line":19,"column":8},"end":{"line":26,"column":9}},"7":{"start":{"line":20,"column":12},"end":{"line":20,"column":108}},"8":{"start":{"line":21,"column":12},"end":{"line":21,"column":26}},"9":{"start":{"line":24,"column":12},"end":{"line":24,"column":105}},"10":{"start":{"line":25,"column":12},"end":{"line":25,"column":26}},"11":{"start":{"line":29,"column":0},"end":{"line":29,"column":20}},"12":{"start":{"line":30,"column":13},"end":{"line":30,"column":46}},"13":{"start":{"line":31,"column":0},"end":{"line":31,"column":30}}},"fnMap":{"0":{"name":"(anonymous_0)","decl":{"start":{"line":8,"column":4},"end":{"line":8,"column":5}},"loc":{"start":{"line":8,"column":42},"end":{"line":12,"column":5}},"line":8},"1":{"name":"(anonymous_1)","decl":{"start":{"line":17,"column":4},"end":{"line":17,"column":5}},"loc":{"start":{"line":17,"column":16},"end":{"line":27,"column":5}},"line":17}},"branchMap":{"0":{"loc":{"start":{"line":19,"column":8},"end":{"line":26,"column":9}},"type":"if","locations":[{"start":{"line":19,"column":8},"end":{"line":26,"column":9}},{"start":{"line":19,"column":8},"end":{"line":26,"column":9}}],"line":19}},"s":{"0":1,"1":1,"2":2,"3":2,"4":2,"5":2,"6":2,"7":2,"8":2,"9":0,"10":0,"11":1,"12":1,"13":1},"f":{"0":2,"1":2},"b":{"0":[2,0]},"inputSourceMap":{"version":3,"file":"/home/usuario/ull-esit-inf-dsi-20-21-prct06-generics-solid-alu0101235516/src/ejercicio-2/masa.ts","sources":["/home/usuario/ull-esit-inf-dsi-20-21-prct06-generics-solid-alu0101235516/src/ejercicio-2/masa.ts"],"names":[],"mappings":";;;AAIA,MAAa,IAAI;IACf;;OAEG;IACH,YAAmB,MAAc,EAAS,MAAiB,EAAS,QAAmB;QAApE,WAAM,GAAN,MAAM,CAAQ;QAAS,WAAM,GAAN,MAAM,CAAW;QAAS,aAAQ,GAAR,QAAQ,CAAW;IACvF,CAAC;IACD;;;OAGG;IAEH,SAAS;QACP,IAAI,MAAM,GAAW,EAAE,CAAC;QAExB,IAAI,IAAI,CAAC,MAAM,KAAK,QAAQ,EAAE;YAC5B,MAAM,GAAG,CAAC,IAAI,IAAI,CAAC,MAAM,CAAC,QAAQ,EAAE,wBAAwB,IAAI,CAAC,MAAM,GAAG,UAAU,UAAU,CAAC,CAAC;YAChG,OAAO,MAAM,CAAC;SACf;aAAM;YACL,MAAM,GAAG,CAAC,IAAI,IAAI,CAAC,MAAM,CAAC,QAAQ,EAAE,wBAAwB,IAAI,CAAC,MAAM,GAAG,OAAO,UAAU,CAAC,CAAC;YAC7F,OAAO,MAAM,CAAC;SACf;IACH,CAAC;CACF;AAtBD,oBAsBC;AAED,MAAM,IAAI,GAAS,IAAI,IAAI,CAAC,GAAG,EAAE,QAAQ,EAAE,QAAQ,CAAC,CAAC;AACrD,OAAO,CAAC,GAAG,CAAC,IAAI,CAAC,SAAS,EAAE,CAAC,CAAC","sourcesContent":["import {isConvertible} from './isConvertible';\n\nexport type massUnits = \"gramos\" | \"libras\";\n\nexport class Masa implements isConvertible<massUnits> {\n  /**\n   * Constructor de la clase\n   */\n  constructor(public amount: number, public unitTo: massUnits, public unitFrom: massUnits) {\n  }\n  /**\n   * Funcion para la conversion de unidades de masa\n   * @returns Un string con el resultado de la conversion\n   */\n\n  conversor(): string {\n    let output: string = \"\";\n\n    if (this.unitTo === \"libras\") {\n      output = (`[${this.amount.toString()}] gramos es igual a [${this.amount * 0.00220462}] libras`);\n      return output;\n    } else {\n      output = (`[${this.amount.toString()}] libras es igual a [${this.amount * 453.592}] gramos`);\n      return output;\n    }\n  }\n}\n\nconst masa: Masa = new Masa(100, \"libras\", \"gramos\");\nconsole.log(masa.conversor());\n"]},"_coverageSchema":"1a1c01bbd47fc00a2c39e90264f33305004495a9","hash":"ed790a1c8aa2a00380a1545eeff2dff1516d7793","contentHash":"d946a63736888752049066c49bade127d028f5032e5f2fa3e9dde9fd0037666f"},"/home/usuario/ull-esit-inf-dsi-20-21-prct06-generics-solid-alu0101235516/src/ejercicio-2/longitud.ts":{"path":"/home/usuario/ull-esit-inf-dsi-20-21-prct06-generics-solid-alu0101235516/src/ejercicio-2/longitud.ts","statementMap":{"0":{"start":{"line":2,"column":0},"end":{"line":2,"column":62}},"1":{"start":{"line":3,"column":0},"end":{"line":3,"column":26}},"2":{"start":{"line":9,"column":8},"end":{"line":9,"column":29}},"3":{"start":{"line":10,"column":8},"end":{"line":10,"column":29}},"4":{"start":{"line":11,"column":8},"end":{"line":11,"column":33}},"5":{"start":{"line":18,"column":21},"end":{"line":18,"column":23}},"6":{"start":{"line":19,"column":8},"end":{"line":26,"column":9}},"7":{"start":{"line":20,"column":12},"end":{"line":20,"column":105}},"8":{"start":{"line":21,"column":12},"end":{"line":21,"column":26}},"9":{"start":{"line":24,"column":12},"end":{"line":24,"column":104}},"10":{"start":{"line":25,"column":12},"end":{"line":25,"column":26}},"11":{"start":{"line":29,"column":0},"end":{"line":29,"column":28}},"12":{"start":{"line":30,"column":17},"end":{"line":30,"column":54}},"13":{"start":{"line":31,"column":0},"end":{"line":31,"column":34}}},"fnMap":{"0":{"name":"(anonymous_0)","decl":{"start":{"line":8,"column":4},"end":{"line":8,"column":5}},"loc":{"start":{"line":8,"column":42},"end":{"line":12,"column":5}},"line":8},"1":{"name":"(anonymous_1)","decl":{"start":{"line":17,"column":4},"end":{"line":17,"column":5}},"loc":{"start":{"line":17,"column":16},"end":{"line":27,"column":5}},"line":17}},"branchMap":{"0":{"loc":{"start":{"line":19,"column":8},"end":{"line":26,"column":9}},"type":"if","locations":[{"start":{"line":19,"column":8},"end":{"line":26,"column":9}},{"start":{"line":19,"column":8},"end":{"line":26,"column":9}}],"line":19}},"s":{"0":1,"1":1,"2":2,"3":2,"4":2,"5":2,"6":2,"7":2,"8":2,"9":0,"10":0,"11":1,"12":1,"13":1},"f":{"0":2,"1":2},"b":{"0":[2,0]},"inputSourceMap":{"version":3,"file":"/home/usuario/ull-esit-inf-dsi-20-21-prct06-generics-solid-alu0101235516/src/ejercicio-2/longitud.ts","sources":["/home/usuario/ull-esit-inf-dsi-20-21-prct06-generics-solid-alu0101235516/src/ejercicio-2/longitud.ts"],"names":[],"mappings":";;;AAIA,MAAa,QAAQ;IACnB;;OAEG;IACH,YAAmB,MAAc,EAAS,MAAmB,EAAS,QAAqB;QAAxE,WAAM,GAAN,MAAM,CAAQ;QAAS,WAAM,GAAN,MAAM,CAAa;QAAS,aAAQ,GAAR,QAAQ,CAAa;IAC3F,CAAC;IACD;;;OAGG;IAEH,SAAS;QACP,IAAI,MAAM,GAAW,EAAE,CAAC;QAExB,IAAI,IAAI,CAAC,MAAM,KAAK,QAAQ,EAAE;YAC5B,MAAM,GAAG,CAAC,IAAI,IAAI,CAAC,MAAM,CAAC,QAAQ,EAAE,wBAAwB,IAAI,CAAC,MAAM,GAAG,OAAO,UAAU,CAAC,CAAC;YAC7F,OAAO,MAAM,CAAC;SACf;aAAM;YACL,MAAM,GAAG,CAAC,IAAI,IAAI,CAAC,MAAM,CAAC,QAAQ,EAAE,wBAAwB,IAAI,CAAC,MAAM,GAAG,MAAM,UAAU,CAAC,CAAC;YAC5F,OAAO,MAAM,CAAC;SACf;IACH,CAAC;CACF;AAtBD,4BAsBC;AAED,MAAM,QAAQ,GAAa,IAAI,QAAQ,CAAC,GAAG,EAAE,QAAQ,EAAE,QAAQ,CAAC,CAAC;AACjE,OAAO,CAAC,GAAG,CAAC,QAAQ,CAAC,SAAS,EAAE,CAAC,CAAC","sourcesContent":["import {isConvertible} from './isConvertible';\n\nexport type lengthUnits = \"metros\" | \"yardas\";\n\nexport class Longitud implements isConvertible<lengthUnits> {\n  /**\n   * Constructor de la clase\n   */\n  constructor(public amount: number, public unitTo: lengthUnits, public unitFrom: lengthUnits) {\n  }\n  /**\n   * Funcion para la conversion de unidades de longitud\n   * @returns Un string con el resultado de la conversion\n   */\n\n  conversor(): string {\n    let output: string = \"\";\n\n    if (this.unitTo === \"yardas\") {\n      output = (`[${this.amount.toString()}] metros es igual a [${this.amount * 1.09361}] yardas`);\n      return output;\n    } else {\n      output = (`[${this.amount.toString()}] yardas es igual a [${this.amount * 0.9144}] metros`);\n      return output;\n    }\n  }\n}\n\nconst longitud: Longitud = new Longitud(100, \"yardas\", \"metros\");\nconsole.log(longitud.conversor());\n"]},"_coverageSchema":"1a1c01bbd47fc00a2c39e90264f33305004495a9","hash":"292bb0361d46bb3b4cbdc43511fd33410800984d","contentHash":"9c392b83c53deabf5f3219179f9b4ffb8d35f91694779cb7de93f42a5f6eb6ba"},"/home/usuario/ull-esit-inf-dsi-20-21-prct06-generics-solid-alu0101235516/src/ejercicio-2/tiempo.ts":{"path":"/home/usuario/ull-esit-inf-dsi-20-21-prct06-generics-solid-alu0101235516/src/ejercicio-2/tiempo.ts","statementMap":{"0":{"start":{"line":2,"column":0},"end":{"line":2,"column":62}},"1":{"start":{"line":3,"column":0},"end":{"line":3,"column":24}},"2":{"start":{"line":9,"column":8},"end":{"line":9,"column":29}},"3":{"start":{"line":10,"column":8},"end":{"line":10,"column":29}},"4":{"start":{"line":11,"column":8},"end":{"line":11,"column":33}},"5":{"start":{"line":18,"column":21},"end":{"line":18,"column":23}},"6":{"start":{"line":19,"column":8},"end":{"line":42,"column":9}},"7":{"start":{"line":20,"column":12},"end":{"line":20,"column":110}},"8":{"start":{"line":21,"column":12},"end":{"line":21,"column":26}},"9":{"start":{"line":23,"column":13},"end":{"line":42,"column":9}},"10":{"start":{"line":24,"column":12},"end":{"line":24,"column":101}},"11":{"start":{"line":25,"column":12},"end":{"line":25,"column":26}},"12":{"start":{"line":27,"column":13},"end":{"line":42,"column":9}},"13":{"start":{"line":28,"column":12},"end":{"line":28,"column":108}},"14":{"start":{"line":29,"column":12},"end":{"line":29,"column":26}},"15":{"start":{"line":31,"column":13},"end":{"line":42,"column":9}},"16":{"start":{"line":32,"column":12},"end":{"line":32,"column":105}},"17":{"start":{"line":33,"column":12},"end":{"line":33,"column":26}},"18":{"start":{"line":35,"column":13},"end":{"line":42,"column":9}},"19":{"start":{"line":36,"column":12},"end":{"line":36,"column":101}},"20":{"start":{"line":37,"column":12},"end":{"line":37,"column":26}},"21":{"start":{"line":40,"column":12},"end":{"line":40,"column":98}},"22":{"start":{"line":41,"column":12},"end":{"line":41,"column":26}},"23":{"start":{"line":45,"column":0},"end":{"line":45,"column":24}},"24":{"start":{"line":46,"column":15},"end":{"line":46,"column":47}},"25":{"start":{"line":47,"column":0},"end":{"line":47,"column":32}}},"fnMap":{"0":{"name":"(anonymous_0)","decl":{"start":{"line":8,"column":4},"end":{"line":8,"column":5}},"loc":{"start":{"l
[...]
hE,MAAM,GAAG,CAAC,IAAI,IAAI,CAAC,MAAM,CAAC,QAAQ,EAAE,wBAAwB,IAAI,CAAC,MAAM,GAAG,WAAW,SAAS,CAAC,CAAC;YAChG,OAAO,MAAM,CAAC;SACf;aAAM,IAAI,IAAI,CAAC,MAAM,KAAK,MAAM,IAAI,IAAI,CAAC,QAAQ,KAAK,QAAQ,EAAE;YAC/D,MAAM,GAAG,CAAC,IAAI,IAAI,CAAC,MAAM,CAAC,QAAQ,EAAE,uBAAuB,IAAI,CAAC,MAAM,GAAG,SAAS,SAAS,CAAC,CAAC;YAC7F,OAAO,MAAM,CAAC;SACf;aAAM,IAAI,IAAI,CAAC,MAAM,KAAK,SAAS,IAAI,IAAI,CAAC,QAAQ,KAAK,MAAM,EAAE;YAChE,MAAM,GAAG,CAAC,IAAI,IAAI,CAAC,MAAM,CAAC,QAAQ,EAAE,qBAAqB,IAAI,CAAC,MAAM,GAAG,IAAI,YAAY,CAAC,CAAC;YACzF,OAAO,MAAM,CAAC;SACf;aAAM;YACL,MAAM,GAAG,CAAC,IAAI,IAAI,CAAC,MAAM,CAAC,QAAQ,EAAE,qBAAqB,IAAI,CAAC,MAAM,GAAG,EAAE,WAAW,CAAC,CAAC;YACtF,OAAO,MAAM,CAAC;SACf;IACH,CAAC;CACF;AAlCD,wBAkCC;AAED,MAAM,MAAM,GAAW,IAAI,MAAM,CAAC,EAAE,EAAE,QAAQ,EAAE,MAAM,CAAC,CAAC;AACxD,OAAO,CAAC,GAAG,CAAC,MAAM,CAAC,SAAS,EAAE,CAAC,CAAC","sourcesContent":["import {isConvertible} from './isConvertible';\n\n/**\n * Tipos de unidades de tiempo.\n */\n\nexport type timeUnits = \"segundo\" | \"minuto\" | \"hora\";\n\nexport class Tiempo implements isConvertible<timeUnits> {\n  /**\n   * Constructor de la clase\n   */\n  constructor(public amount: number, public unitTo: timeUnits, public unitFrom: timeUnits) {\n  }\n  /**\n   * Funcion para la conversion de unidades de tiempo\n   * @returns Un string con el resultado de la conversion\n   */\n\n  conversor(): string {\n    let output: string = \"\";\n\n    if (this.unitTo === \"minuto\" && this.unitFrom === \"segundo\") {\n      output = (`[${this.amount.toString()}] segundos es igual a [${this.amount * 0.0166667}] minutos`);\n      return output;\n    } else if (this.unitTo === \"segundo\" && this.unitFrom === \"minuto\") {\n      output = (`[${this.amount.toString()} minutos es igual a ${this.amount * 60}] segundos`);\n      return output;\n    } else if (this.unitTo === \"hora\" && this.unitFrom === \"segundo\") {\n      output = (`[${this.amount.toString()} segundos es igual a ${this.amount * 0.000277778}] horas`);\n      return output;\n    } else if (this.unitTo === \"hora\" && this.unitFrom === \"minuto\") {\n      output = (`[${this.amount.toString()} minutos es igual a ${this.amount * 0.0166667}] horas`);\n      return output;\n    } else if (this.unitTo === \"segundo\" && this.unitFrom === \"hora\") {\n      output = (`[${this.amount.toString()} horas es igual a ${this.amount * 3600}] segundos`);\n      return output;\n    } else {\n      output = (`[${this.amount.toString()} horas es igual a ${this.amount * 60}] minutos`);\n      return output;\n    }\n  }\n}\n\nconst tiempo: Tiempo = new Tiempo(67, \"minuto\", \"hora\");\nconsole.log(tiempo.conversor());\n"]},"_coverageSchema":"1a1c01bbd47fc00a2c39e90264f33305004495a9","hash":"2640378ad6eb29838307cefd68c2c6118a84e687","contentHash":"7cce84716dc101021a08f8600d90b39ff3f72460a633af8d6903858c92664dc8"},"/home/usuario/ull-esit-inf-dsi-20-21-prct06-generics-solid-alu0101235516/src/ejercicio-2/temperatura.ts":{"path":"/home/usuario/ull-esit-inf-dsi-20-21-prct06-generics-solid-alu0101235516/src/ejercicio-2/temperatura.ts","statementMap":{"0":{"start":{"line":2,"column":0},"end":{"line":2,"column":62}},"1":{"start":{"line":3,"column":0},"end":{"line":3,"column":29}},"2":{"start":{"line":9,"column":8},"end":{"line":9,"column":29}},"3":{"start":{"line":10,"column":8},"end":{"line":10,"column":29}},"4":{"start":{"line":11,"column":8},"end":{"line":11,"column":33}},"5":{"start":{"line":18,"column":21},"end":{"line":18,"column":23}},"6":{"start":{"line":19,"column":8},"end":{"line":42,"column":9}},"7":{"start":{"line":20,"column":12},"end":{"line":20,"column":105}},"8":{"start":{"line":21,"column":12},"end":{"line":21,"column":26}},"9":{"start":{"line":23,"column":13},"end":{"line":42,"column":9}},"10":{"start":{"line":24,"column":12},"end":{"line":24,"column":115}},"11":{"start":{"line":25,"column":12},"end":{"line":25,"column":26}},"12":{"start":{"line":27,"column":13},"end":{"line":42,"column":9}},"13":{"start":{"line":28,"column":12},"end":{"line":28,"column":105}},"14":{"start":{"line":29,"column":12},"end":{"line":29,"column":26}},"15":{"start":{"line":31,"column":13},"end":{"line":42,"column":9}},"16":{"start":{"line":32,"column":12},"end":{"line":32,"column":125}},"17":{"start":{"line":33,"column":12},"end":{"line":33,"column":26}},"18":{"start":{"line":35,"column":13},"end":{"line":42,"column":9}},"19":{"start":{"line":36,"column":12},"end":{"line":36,"column":115}},"20":{"start":{"line":37,"column":12},"end":{"line":37,"column":26}},"21":{"start":{"line":40,"column":12},"end":{"line":40,"column":125}},"22":{"start":{"line":41,"column":12},"end":{"line":41,"column":26}},"23":{"start":{"line":45,"column":0},"end":{"line":45,"column":34}},"24":{"start":{"line":46,"column":20},"end":{"line":46,"column":63}},"25":{"start":{"line":47,"column":0},"end":{"line":47,"column":37}}},"fnMap":{"0":{"name":"(anonymous_0)","decl":{"start":{"line":8,"column":4},"end":{"line":8,"column":5}},"loc":{"start":{"line":8,"column":42},"end":{"line":12,"column":5}},"line":8},"1":{"name":"(anonymous_1)","decl":{"start":{"line":17,"column":4},"end":{"line":17,"column":5}},"loc":{"start":{"line":17,"column":16},"end":{"line":43,"column":5}},"line":17}},"branchMap":{"0":{"loc":{"start":{"line":19,"column":8},"end":{"line":42,"column":9}},"type":"if","locations":[{"start":{"line":19,"column":8},"end":{"line":42,"column":9}},{"start":{"line":19,"column":8},"end":{"line":42,"column":9}}],"line":19},"1":{"loc":{"start":{"line":19,"column":12},"end":{"line":19,"column":67}},"type":"binary-expr","locations":[{"start":{"line":19,"column":12},"end":{"line":19,"column":36}},{"start":{"line":19,"column":40},"end":{"line":19,"column":67}}],"line":19},"2":{"loc":{"start":{"line":23,"column":13},"end":{"line":42,"column":9}},"type":"if","locations":[{"start":{"line":23,"column":13},"end":{"line":42,"column":9}},{"start":{"line":23,"column":13},"end":{"line":42,"column":9}}],"line":23},"3":{"loc":{"start":{"line":23,"column":17},"end":{"line":23,"column":76}},"type":"binary-expr","locations":[{"start":{"line":23,"column":17},"end":{"line":23,"column":45}},{"start":{"line":23,"column":49},"end":{"line":23,"column":76}}],"line":23},"4":{"loc":{"start":{"line":27,"column":13},"end":{"line":42,"column":9}},"type":"if","locations":[{"start":{"line":27,"column":13},"end":{"line":42,"column":9}},{"start":{"line":27,"column":13},"end":{"line":42,"column":9}}],"line":27},"5":{"loc":{"start":{"line":27,"column":17},"end":{"line":27,"column":72}},"type":"binary-expr","locations":[{"start":{"line":27,"column":17},"end":{"line":27,"column":42}},{"start":{"line":27,"column":46},"end":{"line":27,"column":72}}],"line":27},"6":{"loc":{"start":{"line":31,"column":13},"end":{"line":42,"column":9}},"type":"if","locations":[{"start":{"line":31,"column":13},"end":{"line":42,"column":9}},{"start":{"line":31,"column":13},"end":{"line":42,"column":9}}],"line":31},"7":{"loc":{"start":{"line":31,"column":17},"end":{"line":31,"column":75}},"type":"binary-expr","locations":[{"start":{"line":31,"column":17},"end":{"line":31,"column":45}},{"start":{"line":31,"column":49},"end":{"line":31,"column":75}}],"line":31},"8":{"loc":{"start":{"line":35,"column":13},"end":{"line":42,"column":9}},"type":"if","locations":[{"start":{"line":35,"column":13},"end":{"line":42,"column":9}},{"start":{"line":35,"column":13},"end":{"line":42,"column":9}}],"line":35},"9":{"loc":{"start":{"line":35,"column":17},"end":{"line":35,"column":76}},"type":"binary-expr","locations":[{"start":{"line":35,"column":17},"end":{"line":35,"column":42}},{"start":{"line":35,"column":46},"end":{"line":35,"column":76}}],"line":35}},"s":{"0":1,"1":1,"2":2,"3":2,"4":2,"5":2,"6":2,"7":0,"8":0,"9":2,"10":0,"11":0,"12":2,"13":0,"14":0,"15":2,"16":2,"17":2,"18":0,"19":0,"20":0,"21":0,"22":0,"23":1,"24":1,"25":1},"f":{"0":2,"1":2},"b":{"0":[0,2],"1":[2,0],"2":[0,2],"3":[2,2],"4":[0,2],"5":[2,0],"6":[2,0],"7":[2,2],"8":[0,0],"9":[0,0]},"inputSourceMap":{"version":3,"file":"/home/usuario/ull-esit-inf-dsi-20-21-prct06-generics-solid-alu0101235516/src/ejercicio-2/temperatura.ts","sources":["/home/usuario/ull-esit-inf-dsi-20-21-prct06-generics-solid-alu0101235516/src/ejercicio-2/temperatura.ts"],"names":[],"mappings":";;;AAQA,MAAa,WAAW;IACtB;;OAEG;IACH,YAAmB,MAAc,EAAS,MAAwB,EAAS,QAA0B;QAAlF,WAAM,GAAN,MAAM,CAAQ;QAAS,WAAM,GAAN,MAAM,CAAkB;QAAS,aAAQ,GAAR,QAAQ,CAAkB;IACrG,CAAC;IACD;;;OAGG;IAEH,SAAS;QACP,IAAI,MAAM,GAAW,EAAE,CAAC;QAExB,IAAI,IAAI,CAAC,MAAM,KAAK,QAAQ,IAAI,IAAI,CAAC,QAAQ,KAAK,SAAS,EAAE;YAC3D,MAAM,GAAG,CAAC,IAAI,IAAI,CAAC,MAAM,CAAC,QAAQ,EAAE,yBAAyB,IAAI,CAAC,MAAM,GAAG,MAAM,UAAU,CAAC,CAAC;YAC7F,OAAO,MAAM,CAAC;SACf;aAAM,IAAI,IAAI,CAAC,MAAM,KAAK,YAAY,IAAI,IAAI,CAAC,QAAQ,KAAK,SAAS,EAAE;YACtE,MAAM,GAAG,CAAC,IAAI,IAAI,CAAC,MAAM,CAAC,QAAQ,EAAE,yBAAyB,CAAC,IAAI,CAAC,MAAM,GAAG,CAAC,GAAC,CAAC,CAAC,GAAE,EAAE,cAAc,CAAC,CAAC;YACpG,OAAO,MAAM,CAAC;SACf;aAAM,IAAI,IAAI,CAAC,MAAM,KAAK,SAAS,IAAI,IAAI,CAAC,QAAQ,KAAK,QAAQ,EAAE;YAClE,MAAM,GAAG,CAAC,IAAI,IAAI,CAAC,MAAM,CAAC,QAAQ,EAAE,wBAAwB,IAAI,CAAC,MAAM,GAAG,MAAM,WAAW,CAAC,CAAC;YAC7F,OAAO,MAAM,CAAC;SACf;aAAM,IAAI,IAAI,CAAC,MAAM,KAAK,YAAY,IAAI,IAAI,CAAC,QAAQ,KAAK,QAAQ,EAAE;YACrE,MAAM,GAAG,CAAC,IAAI,IAAI,CAAC,MAAM,CAAC,QAAQ,EAAE,wBAAwB,CAAC,CAAC,IAAI,CAAC,MAAM,GAAG,MAAM,CAAC,GAAG,CAAC,GAAC,CAAC,CAAC,GAAG,EAAE,cAAc,CAAC,CAAC;YAC/G,OAAO,MAAM,CAAC;SACf;aAAM,IAAI,IAAI,CAAC,MAAM,KAAK,SAAS,IAAI,IAAI,CAAC,QAAQ,KAAK,YAAY,EAAE;YACtE,MAAM,GAAG,CAAC,IAAI,IAAI,CAAC,MAAM,CAAC,QAAQ,EAAE,4BAA4B,CAAC,IAAI,CAAC,MAAM,GAAG,EAAE,CAAC,GAAG,CAAC,GAAC,CAAC,WAAW,CAAC,CAAC;YACrG,OAAO,MAAM,CAAC;SACf;aAAM;YACL,MAAM,GAAG,CAAC,IAAI,IAAI,CAAC,MAAM,CAAC,QAAQ,EAAE,4BAA4B,CAAC,CAAC,IAAI,CAAC,MAAM,GAAG,EAAE,CAAC,GAAG,CAAC,GAAC,CAAC,CAAC,GAAG,MAAM,UAAU,CAAC,CAAC;YAC/G,OAAO,MAAM,CAAC;SACf;IACH,CAAC;CACF;AAlCD,kCAkCC;AAED,MAAM,WAAW,GAAgB,IAAI,WAAW,CAAC,EAAE,EAAE,YAAY,EAAE,QAAQ,CAAC,CAAC;AAC7E,OAAO,CAAC,GAAG,CAAC,WAAW,CAAC,SAAS,EAAE,CAAC,CAAC","sourcesContent":["import {isConvertible} from './isConvertible';\n\n/**\n * Tipos de unidades de temperatura.\n */\n\nexport type temperatureUnits = \"celsius\" | \"kelvin\" | \"fahrenheit\";\n\nexport class Temperatura implements isConvertible<temperatureUnits> {\n  /**\n   * Constructor de la clase\n   */\n  constructor(public amount: number, public unitTo: temperatureUnits, public unitFrom: temperatureUnits) {\n  }\n  /**\n   * Funcion para la conversion de unidades de temperatura\n   * @returns Un string con el resultado de la conversion\n   */\n\n  conversor(): string {\n    let output: string = \"\";\n\n    if (this.unitTo === \"kelvin\" && this.unitFrom === \"celsius\") {\n      output = (`[${this.amount.toString()}] celsius es igual a [${this.amount + 273.15}] kelvin`);\n      return output;\n    } else if (this.unitTo === \"fahrenheit\" && this.unitFrom === \"celsius\") {\n      output = (`[${this.amount.toString()}] celsius es igual a [${(this.amount * 9/5)+ 32}] fahrenheit`);\n      return output;\n    } else if (this.unitTo === \"celsius\" && this.unitFrom === \"kelvin\") {\n      output = (`[${this.amount.toString()}] kelvin es igual a [${this.amount - 273.15}] celsius`);\n      return output;\n    } else if (this.unitTo === \"fahrenheit\" && this.unitFrom === \"kelvin\") {\n      output = (`[${this.amount.toString()}] kelvin es igual a [${((this.amount - 273.15) * 9/5) + 32}] fahrenheit`);\n      return output;\n    } else if (this.unitTo === \"celsius\" && this.unitFrom === \"fahrenheit\") {\n      output = (`[${this.amount.toString()}] fahrenheit es igual a [${(this.amount - 32) * 5/9}] celsius`);\n      return output;\n    } else {\n      output = (`[${this.amount.toString()}] fahrenheit es igual a [${((this.amount - 32) * 5/9) + 273.15}] kelvin`);\n      return output;\n    }\n  }\n}\n\nconst temperatura: Temperatura = new Temperatura(67, \"fahrenheit\", \"kelvin\");\nconsole.log(temperatura.conversor());\n"]},"_coverageSchema":"1a1c01bbd47fc00a2c39e90264f33305004495a9","hash":"f0c636419d09a8cf53834049f3f4340a6e13f2e9","contentHash":"102644bafdd8f072c719dc5e84d6a5bf45fcf9cf7288b98cda0923877352efa9"},"/home/usuario/ull-esit-inf-dsi-20-21-prct06-generics-solid-alu0101235516/src/ejercicio-2/fuerza.ts":{"path":"/home/usuario/ull-esit-inf-dsi-20-21-prct06-generics-solid-alu0101235516/src/ejercicio-2/fuerza.ts","statementMap":{"0":{"start":{"line":2,"column":0},"end":{"line":2,"column":62}},"1":{"start":{"line":3,"column":0},"end":{"line":3,"column":24}},"2":{"start":{"line":9,"column":8},"end":{"line":9,"column":29}},"3":{"start":{"line":10,"column":8},"end":{"line":10,"column":29}},"4":{"start":{"line":11,"column":8},"end":{"line":11,"column":33}},"5":{"start":{"line":18,"column":21},"end":{"line":18,"column":23}},"6":{"start":{"line":19,"column":8},"end":{"line":26,"column":9}},"7":{"start":{"line":20,"column":12},"end":{"line":20,"column":110}},"8":{"start":{"line":21,"column":12},"end":{"line":21,"column":26}},"9":{"start":{"line":24,"column":12},"end":{"line":24,"column":109}},"10":{"start":{"line":25,"column":12},"end":{"line":25,"column":26}},"11":{"start":{"line":29,"column":0},"end":{"line":29,"column":24}},"12":{"start":{"line":30,"column":15},"end":{"line":30,"column":54}},"13":{"start":{"line":31,"column":0},"end":{"line":31,"column":32}}},"fnMap":{"0":{"name":"(anonymous_0)","decl":{"start":{"line":8,"column":4},"end":{"line":8,"column":5}},"loc":{"start":{"line":8,"column":42},"end":{"line":12,"column":5}},"line":8},"1":{"name":"(anonymous_1)","decl":{"start":{"line":17,"column":4},"end":{"line":17,"column":5}},"loc":{"start":{"line":17,"column":16},"end":{"line":27,"column":5}},"line":17}},"branchMap":{"0":{"loc":{"start":{"line":19,"column":8},"end":{"line":26,"column":9}},"type":"if","locations":[{"start":{"line":19,"column":8},"end":{"line":26,"column":9}},{"start":{"line":19,"column":8},"end":{"line":26,"column":9}}],"line":19}},"s":{"0":1,"1":1,"2":2,"3":2,"4":2,"5":2,"6":2,"7":2,"8":2,"9":0,"10":0,"11":1,"12":1,"13":1},"f":{"0":2,"1":2},"b":{"0":[2,0]},"inputSourceMap":{"version":3,"file":"/home/usuario/ull-esit-inf-dsi-20-21-prct06-generics-solid-alu0101235516/src/ejercicio-2/fuerza.ts","sources":["/home/usuario/ull-esit-inf-dsi-20-21-prct06-generics-solid-alu0101235516/src/ejercicio-2/fuerza.ts"],"names":[],"mappings":";;;AAIA,MAAa,MAAM;IACjB;;OAEG;IACH,YAAmB,MAAc,EAAS,MAAkB,EAAS,QAAoB;QAAtE,WAAM,GAAN,MAAM,CAAQ;QAAS,WAAM,GAAN,MAAM,CAAY;QAAS,aAAQ,GAAR,QAAQ,CAAY;IACzF,CAAC;IACD;;;OAGG;IAEH,SAAS;QACP,IAAI,MAAM,GAAW,EAAE,CAAC;QAExB,IAAI,IAAI,CAAC,MAAM,KAAK,YAAY,EAAE;YAChC,MAAM,GAAG,CAAC,IAAI,IAAI,CAAC,MAAM,CAAC,QAAQ,EAAE,wBAAwB,IAAI,CAAC,MAAM,GAAG,QAAQ,cAAc,CAAC,CAAC;YAClG,OAAO,MAAM,CAAC;SACf;aAAM;YACL,MAAM,GAAG,CAAC,IAAI,IAAI,CAAC,MAAM,CAAC,QAAQ,EAAE,4BAA4B,IAAI,CAAC,MAAM,GAAG,OAAO,UAAU,CAAC,CAAC;YACjG,OAAO,MAAM,CAAC;SACf;IACH,CAAC;CACF;AAtBD,wBAsBC;AAED,MAAM,MAAM,GAAW,IAAI,MAAM,CAAC,GAAG,EAAE,YAAY,EAAE,QAAQ,CAAC,CAAC;AAC/D,OAAO,CAAC,GAAG,CAAC,MAAM,CAAC,SAAS,EAAE,CAAC,CAAC","sourcesContent":["import {isConvertible} from './isConvertible';\n\nexport type forceUnits = \"newton\" | \"kilopondio\";\n\nexport class Fuerza implements isConvertible<forceUnits> {\n  /**\n   * Constructor de la clase\n   */\n  constructor(public amount: number, public unitTo: forceUnits, public unitFrom: forceUnits) {\n  }\n  /**\n   * Funcion para la conversion de unidades de fuerza\n   * @returns Un string con el resultado de la conversion\n   */\n\n  conversor(): string {\n    let output: string = \"\";\n\n    if (this.unitTo === \"kilopondio\") {\n      output = (`[${this.amount.toString()}] newton es igual a [${this.amount * 0.101972}] kilopondio`);\n      return output;\n    } else {\n      output = (`[${this.amount.toString()}] kilopondio es igual a [${this.amount * 9.80665}] newton`);\n      return output;\n    }\n  }\n}\n\nconst fuerza: Fuerza = new Fuerza(100, \"kilopondio\", \"newton\");\nconsole.log(fuerza.conversor());\n"]},"_coverageSchema":"1a1c01bbd47fc00a2c39e90264f33305004495a9","hash":"63b82fb59f29233ce3cdff893309ec65272433cf","contentHash":"1aa24e333b28cdecc24979bf6a76f65dccef3c1a01cd1cff3043fa2d03fb76a3"},"/home/usuario/ull-esit-inf-dsi-20-21-prct06-generics-solid-alu0101235516/src/ejercicio-2/volumen.ts":{"path":"/home/usuario/ull-esit-inf-dsi-20-21-prct06-generics-solid-alu0101235516/src/ejercicio-2/volumen.ts","statementMap":{"0":{"start":{"line":2,"column":0},"end":{"line":2,"column":62}},"1":{"start":{"line":3,"column":0},"end":{"line":3,"column":25}},"2":{"start":{"line":9,"column":8},"end":{"line":9,"column":29}},"3":{"start":{"line":10,"column":8},"end":{"line":10,"column":29}},"4":{"start":{"line":11,"column":8},"end":{"line":11,"column":33}},"5":{"start":{"line":18,"column":21},"end":{"line":18,"column":23}},"6":{"start":{"line":19,"column":8},"end":{"line":26,"column":9}},"7":{"start":{"line":20,"column":12},"end":{"line":20,"column":107}},"8":{"start":{"line":21,"column":12},"end":{"line":21,"column":26}},"9":{"start":{"line":24,"column":12},"end":{"line":24,"column":106}},"10":{"start":{"line":25,"column":12},"end":{"line":25,"column":26}},"11":{"start":{"line":29,"column":0},"end":{"line":29,"column":26}},"12":{"start":{"line":30,"column":16},"end":{"line":30,"column":49}},"13":{"start":{"line":31,"column":0},"end":{"line":31,"column":33}}},"fnMap":{"0":{"name":"(anonymous_0)","decl":{"start":{"line":8,"column":4},"end":{"line":8,"column":5}},"loc":{"start":{"line":8,"column":42},"end":{"line":12,"column":5}},"line":8},"1":{"name":"(anonymous_1)","decl":{"start":{"line":17,"column":4},"end":{"line":17,"column":5}},"loc":{"start":{"line":17,"column":16},"end":{"line":27,"column":5}},"line":17}},"branchMap":{"0":{"loc":{"start":{"line":19,"column":8},"end":{"line":26,"column":9}},"type":"if","locations":[{"start":{"line":19,"column":8},"end":{"line":26,"column":9}},{"start":{"line":19,"column":8},"end":{"line":26,"column":9}}],"line":19}},"s":{"0":1,"1":1,"2":2,"3":2,"4":2,"5":2,"6":2,"7":2,"8":2,"9":0,"10":0,"11":1,"12":1,"13":1},"f":{"0":2,"1":2},"b":{"0":[2,0]},"inputSourceMap":{"version":3,"file":"/home/usuario/ull-esit-inf-dsi-20-21-prct06-generics-solid-alu0101235516/src/ejercicio-2/volumen.ts","sources":["/home/usuario/ull-esit-inf-dsi-20-21-prct06-generics-solid-alu0101235516/src/ejercicio-2/volumen.ts"],"names":[],"mappings":";;;AAIA,MAAa,OAAO;IAClB;;OAEG;IACH,YAAmB,MAAc,EAAS,MAAmB,EAAS,QAAqB;QAAxE,WAAM,GAAN,MAAM,CAAQ;QAAS,WAAM,GAAN,MAAM,CAAa;QAAS,aAAQ,GAAR,QAAQ,CAAa;IAC3F,CAAC;IACD;;;OAGG;IAEH,SAAS;QACP,IAAI,MAAM,GAAW,EAAE,CAAC;QAExB,IAAI,IAAI,CAAC,MAAM,KAAK,OAAO,EAAE;YAC3B,MAAM,GAAG,CAAC,IAAI,IAAI,CAAC,MAAM,CAAC,QAAQ,EAAE,wBAAwB,IAAI,CAAC,MAAM,GAAG,QAAQ,WAAW,CAAC,CAAC;YAC/F,OAAO,MAAM,CAAC;SACf;aAAM;YACL,MAAM,GAAG,CAAC,IAAI,IAAI,CAAC,MAAM,CAAC,QAAQ,EAAE,yBAAyB,IAAI,CAAC,MAAM,GAAG,OAAO,UAAU,CAAC,CAAC;YAC9F,OAAO,MAAM,CAAC;SACf;IACH,CAAC;CACF;AAtBD,0BAsBC;AAED,MAAM,OAAO,GAAY,IAAI,OAAO,CAAC,EAAE,EAAE,OAAO,EAAE,OAAO,CAAC,CAAC;AAC3D,OAAO,CAAC,GAAG,CAAC,OAAO,CAAC,SAAS,EAAE,CAAC,CAAC","sourcesContent":["import {isConvertible} from './isConvertible';\n\nexport type volumeUnits = \"litro\" | \"galon\";\n\nexport class Volumen implements isConvertible<volumeUnits> {\n  /**\n   * Constructor de la clase\n   */\n  constructor(public amount: number, public unitTo: volumeUnits, public unitFrom: volumeUnits) {\n  }\n  /**\n   * Funcion para la conversion de unidades de volumen\n   * @returns Un string con el resultado de la conversion\n   */\n\n  conversor(): string {\n    let output: string = \"\";\n\n    if (this.unitTo === \"galon\") {\n      output = (`[${this.amount.toString()}] litros es igual a [${this.amount * 0.219969}] galones`);\n      return output;\n    } else {\n      output = (`[${this.amount.toString()}] galones es igual a [${this.amount * 4.54609}] litros`);\n      return output;\n    }\n  }\n}\n\nconst volumen: Volumen = new Volumen(20, \"galon\", \"litro\");\nconsole.log(volumen.conversor());\n"]},"_coverageSchema":"1a1c01bbd47fc00a2c39e90264f33305004495a9","hash":"a7bcbf9dbe14a08e0af0ca63f4de57ea7cda1933","contentHash":"5f6e4b7731d2b9f159a94832191c9e7216ba1f9851c30bbd212a331974870fdb"}}